{"message":"Date: [04-04-2020, 12:17:49 pm] - Path : [http://localhost:4000/auth/login] - From Ip [ ::1]","level":"info"}
{"message":"Date: [04-04-2020, 12:23:18 pm] - Path : [http://localhost:4000/auth/login] - From Ip [ ::1]","level":"info"}
{"message":"Date: [04-04-2020, 12:25:21 pm] - Path : [http://localhost:4000/auth/login] - From Ip [ ::1]","level":"info"}
{"message":"Date: [04-04-2020, 12:25:56 pm] - Path : [http://localhost:4000/auth/login] - From Ip [ ::1]","level":"info"}
{"message":"Date: [04-04-2020, 12:26:48 pm] - Path : [http://localhost:4000/auth/login] - From Ip [ ::1]","level":"info"}
{"message":"Date: [04-04-2020, 12:27:23 pm] - Path : [http://localhost:4000/auth/login] - From Ip [ ::1]","level":"info"}
{"message":"Date: [04-04-2020, 12:27:52 pm] - Path : [http://localhost:4000/auth/login] - From Ip [ ::1]","level":"info"}
{"message":"Date: [04-04-2020, 12:31:38 pm] - Path : [http://localhost:4000/auth/login] - From Ip [ ::1]","level":"info"}
{"message":"Date: [04-04-2020, 12:31:56 pm] - Path : [http://localhost:4000/auth/login] - From Ip [ ::1]","level":"info"}
{"message":"Date: [04-04-2020, 12:32:24 pm] - Path : [http://localhost:4000/auth/login] - From Ip [ ::1]","level":"info"}
{"message":"Date: [04-04-2020, 12:40:54 pm] - Path : [http://localhost:4000/auth/login] - From Ip [ ::1]","level":"info"}
{"message":"Date: [04-04-2020, 12:42:34 pm] - Path : [http://localhost:4000/auth/login] - From Ip [ ::1]","level":"info"}
{"message":"Date: [04-04-2020, 12:43:09 pm] - Path : [http://localhost:4000/authcheck] - From Ip [ ::1]","level":"info"}
{"message":"Date: [04-04-2020, 12:43:58 pm] - Path : [http://localhost:4000/authcheck] - From Ip [ ::1]","level":"info"}
{"message":"Date: [04-04-2020, 12:44:07 pm] - Path : [http://localhost:4000/authcheck] - From Ip [ ::1]","level":"info"}
{"message":"Date: [04-04-2020, 12:44:47 pm] - Path : [http://localhost:4000/authcheck] - From Ip [ ::1]","level":"info"}
{"message":"Date: [04-04-2020, 12:46:52 pm] - Path : [http://localhost:4000/auth/login] - From Ip [ ::1]","level":"info"}
{"message":"Date: [04-04-2020, 12:49:35 pm] - Path : [http://localhost:4000/auth/login] - From Ip [ ::1]","level":"info"}
{"message":"Date: [04-04-2020, 12:50:14 pm] - Path : [http://localhost:4000/auth/login] - From Ip [ ::1]","level":"info"}
{"message":"Date: [04-04-2020, 12:50:33 pm] - Path : [http://localhost:4000/auth/login] - From Ip [ ::1]","level":"info"}
{"message":"Date: [04-04-2020, 1:01:55 pm] - Path : [http://localhost:4000/auth/login] - From Ip [ ::1]","level":"info"}
{"message":"Date: [04-04-2020, 1:03:08 pm] - Path : [http://localhost:4000/auth/login] - From Ip [ ::1]","level":"info"}
{"message":"Date: [04-04-2020, 1:04:20 pm] - Path : [http://localhost:4000/auth/login] - From Ip [ ::1]","level":"info"}
{"message":"Date: [04-04-2020, 1:05:49 pm] - Path : [http://localhost:4000/auth/login] - From Ip [ ::1]","level":"info"}
{"message":"Date: [04-04-2020, 1:06:20 pm] - Path : [http://localhost:4000/auth/login] - From Ip [ ::1]","level":"info"}
{"message":"Date: [04-04-2020, 1:10:47 pm] - Path : [http://localhost:4000/auth/login] - From Ip [ ::1]","level":"info"}
{"message":"Date: [04-04-2020, 1:11:15 pm] - Path : [http://localhost:4000/auth/login] - From Ip [ ::1]","level":"info"}
{"message":"Date: [04-04-2020, 8:18:28 pm] - Path : [http://localhost:4000/auth/login] - From Ip [ ::1]","level":"info"}
{"message":"Date: [04-04-2020, 8:19:49 pm] - Path : [http://localhost:4000/auth/login] - From Ip [ ::1]","level":"info"}
{"message":"Date: [04-04-2020, 8:20:36 pm] - Path : [http://localhost:4000/auth/login] - From Ip [ ::1]","level":"info"}
{"message":"Date: [04-04-2020, 8:20:49 pm] - Path : [http://localhost:4000/authcheck] - From Ip [ ::1]","level":"info"}
{"message":"Date: [04-04-2020, 8:21:22 pm] - Path : [http://localhost:4000/authcheck] - From Ip [ ::1]","level":"info"}
{"message":"Date: [04-04-2020, 8:41:11 pm] - Path : [http://localhost:4000/auth/login] - From Ip [ ::1]","level":"info"}
{"message":"Date: [04-04-2020, 8:42:14 pm] - Path : [http://localhost:4000/admincheck?authorization=%22eyJhbGciOiJSUzI1NiIsInR5cCI6IkpXVCJ9.eyJ1c2VyRW1haWwiOiJqb25hdGFua2F0ejRAZ21haWwuY29tIiwidXNlckZuYW1lIjoi15nXldeg16rXnyIsInVzZXJMbmFtZSI6Iteb16UiLCJyb2xlIjoiYWRtaW4iLCJpYXQiOjE1ODYwMjIwNzIsImV4cCI6MTU4NjAyNTY3MiwiYXVkIjoiaHR0cDovL3NoZWZhaXNhc2NoYXIuY28uaWwiLCJpc3MiOiJqb25hcyBzaXRlcyIsInN1YiI6ImpvbmF0YW5rYXR6NEBnbWFpbC5jb20ifQ.Jq7ScQydckQ8F-G0aeO2HoLVCTXRpZ7XysozHltnhhTZ9FHR0vwMxDsbEk2B8uT7D2CidcIKdPMsmPhvsOYG4wlnNyYaRDn1zYyyQr-oSx_hnj4k1Ur2QBKUfrVlTkGX4v_zfqSsOABB18uB5A18kRlHnJbiTAPUQlBR3Obe83FSLXZsvLWV1pCBSVE3ayqfp_9p-o3nyyTnRyts-DnPXob7JMtyMosuK-aXTfUxxfdWdtG8UE96jp2QGbSxIlU9mrFqq2nJqdIYKoyB1Wo3oGRsr5pdLHJmI49xuQ8pae7qU3GIlAfAByPl16LPpMyEiuLA6rvbhj0BzxL9baI_kg] - From Ip [ ::1]","level":"info"}
{"message":"Date: [04-04-2020, 8:42:34 pm] - Path : [http://localhost:4000/admincheck] - From Ip [ ::1]","level":"info"}
{"message":"Date: [04-04-2020, 8:42:43 pm] - Path : [http://localhost:4000/admin/check] - From Ip [ ::1]","level":"info"}
{"message":"Date: [04-04-2020, 8:42:58 pm] - Path : [http://localhost:4000/auth/register] - From Ip [ ::1]","level":"info"}
{"message":"Date: [04-04-2020, 8:43:26 pm] - Path : [http://localhost:4000/auth/register] - From Ip [ ::1]","level":"info"}
{"message":"Date: [04-04-2020, 8:43:41 pm] - Path : [http://localhost:4000/auth/login] - From Ip [ ::1]","level":"info"}
{"message":"Date: [04-04-2020, 8:43:55 pm] - Path : [http://localhost:4000/admin/check] - From Ip [ ::1]","level":"info"}
