{"message":"Date: [08-06-2020, 4:29:13 pm] - Path : [http://localhost:4000/adress/city] - From Ip [ ::1]","level":"info"}
{"message":"Date: [08-06-2020, 4:31:47 pm] - Path : [http://localhost:4000/adress/city] - From Ip [ ::1]","level":"info"}
{"message":"Date: [08-06-2020, 4:33:11 pm] - Path : [http://localhost:4000/address/city] - From Ip [ ::1]","level":"info"}
{"message":"Date: [08-06-2020, 4:34:19 pm] - Path : [http://localhost:4000/address/city] - From Ip [ ::1]","level":"info"}
{"message":"Date: [08-06-2020, 4:37:07 pm] - Path : [http://localhost:4000/address/city?c=%22%D7%9B%D7%A4%D7%A8%22] - From Ip [ ::1]","level":"info"}
{"message":"Date: [08-06-2020, 4:37:55 pm] - Path : [http://localhost:4000/address/city?c=%22%D7%9B%D7%A4%D7%A8%22] - From Ip [ ::1]","level":"info"}
{"message":"Date: [08-06-2020, 4:44:33 pm] - Path : [http://localhost:4000/address/city?c=%22%D7%9B%D7%A4%D7%A8%22] - From Ip [ ::1]","level":"info"}
{"message":"Date: [08-06-2020, 4:44:43 pm] - Path : [http://localhost:4000/address/city?k=%22%D7%9B%D7%A4%D7%A8%22] - From Ip [ ::1]","level":"info"}
{"message":"Date: [08-06-2020, 4:44:51 pm] - Path : [http://localhost:4000/address/city?c=%22%D7%9B%D7%A4%D7%A8%22] - From Ip [ ::1]","level":"info"}
{"message":"Date: [08-06-2020, 4:45:42 pm] - Path : [http://localhost:4000/address/city?c=%22%D7%9B%D7%A4%D7%A8&k=%22%D7%93%D7%92%22] - From Ip [ ::1]","level":"info"}
{"message":"Date: [08-06-2020, 4:47:47 pm] - Path : [http://localhost:4000/address/city?c=%22%D7%9B%D7%A4%D7%A8&k=%22%D7%93%D7%92%22] - From Ip [ ::1]","level":"info"}
{"message":"Date: [08-06-2020, 4:48:27 pm] - Path : [http://localhost:4000/address/city?c=%22%D7%9B%D7%A4%D7%A8&k=%22%D7%93%D7%92%22] - From Ip [ ::1]","level":"info"}
{"message":"Date: [08-06-2020, 4:48:56 pm] - Path : [http://localhost:4000/address/city?c=%22%D7%9B%D7%A4%D7%A8&k=%22%D7%93%D7%92%22] - From Ip [ ::1]","level":"info"}
{"message":"Date: [08-06-2020, 4:49:15 pm] - Path : [http://localhost:4000/address/city?c=%22%D7%9B%D7%A4%D7%A8&k=%22%D7%93%D7%92%22] - From Ip [ ::1]","level":"info"}
{"message":"Date: [08-06-2020, 4:50:28 pm] - Path : [http://localhost:4000/address/city?c=%22%D7%9B%D7%A4%D7%A8&k=%22%D7%93%D7%92%22] - From Ip [ ::1]","level":"info"}
{"message":"Date: [08-06-2020, 4:51:44 pm] - Path : [http://localhost:4000/address/city?c=%22%D7%9B%D7%A4%D7%A8&k=%22%D7%93%D7%92%22] - From Ip [ ::1]","level":"info"}
{"message":"Date: [08-06-2020, 4:52:04 pm] - Path : [http://localhost:4000/address/city?c=%22%D7%9B%D7%A4%D7%A8&k=%22%D7%93%D7%92%22] - From Ip [ ::1]","level":"info"}
{"message":"Date: [08-06-2020, 4:53:46 pm] - Path : [http://localhost:4000/address/city?c=%22%D7%9B%D7%A4%D7%A8&k=%22%D7%93%D7%92%22] - From Ip [ ::1]","level":"info"}
{"message":"Date: [08-06-2020, 4:53:58 pm] - Path : [http://localhost:4000/address/city?k=%22%D7%93%D7%92%22] - From Ip [ ::1]","level":"info"}
{"message":"Date: [08-06-2020, 4:54:12 pm] - Path : [http://localhost:4000/address/city?c=%22%D7%9B%D7%A4%D7%A8%22] - From Ip [ ::1]","level":"info"}
{"message":"Date: [08-06-2020, 4:55:57 pm] - Path : [http://localhost:4000/address/city?c=%22%D7%9B%D7%A4%D7%A8%22] - From Ip [ ::1]","level":"info"}
{"message":"Date: [08-06-2020, 4:56:18 pm] - Path : [http://localhost:4000/address/city?c=1] - From Ip [ ::1]","level":"info"}
{"message":"Date: [08-06-2020, 4:56:47 pm] - Path : [http://localhost:4000/address/city?c=%D7%9B%D7%A4%D7%A8] - From Ip [ ::1]","level":"info"}
{"message":"Date: [08-06-2020, 4:57:31 pm] - Path : [http://localhost:4000/address/city?c=%D7%9B%D7%A4%D7%A8] - From Ip [ ::1]","level":"info"}
{"message":"Date: [08-06-2020, 5:12:48 pm] - Path : [http://localhost:4000/address/city?c=%D7%A1%D7%91%D7%90%20%D7%9B%D7%A4%D7%A8] - From Ip [ ::1]","level":"info"}
{"message":"Date: [08-06-2020, 5:14:27 pm] - Path : [http://localhost:4000/address/city?c=%D7%A1%D7%91%D7%90%20%D7%9B%D7%A4%D7%A8] - From Ip [ ::1]","level":"info"}
{"message":"Date: [08-06-2020, 5:14:53 pm] - Path : [http://localhost:4000/address/city?c=%D7%9B%D7%A4%D7%A8%20%D7%A1%D7%91%D7%90] - From Ip [ ::1]","level":"info"}
{"message":"Date: [08-06-2020, 5:25:21 pm] - Path : [http://localhost:4000/address/city?c=%D7%9B%D7%A4%D7%A8] - From Ip [ ::1]","level":"info"}
{"message":"Date: [08-06-2020, 5:25:42 pm] - Path : [http://localhost:4000/address/city?c=%D7%9B%D7%A4%D7%A8] - From Ip [ ::1]","level":"info"}
{"message":"Date: [08-06-2020, 5:25:57 pm] - Path : [http://localhost:4000/address/city?c=%D7%9B] - From Ip [ ::1]","level":"info"}
{"message":"Date: [08-06-2020, 5:26:22 pm] - Path : [http://localhost:4000/address/city?c=%D7%9B] - From Ip [ ::1]","level":"info"}
{"message":"Date: [08-06-2020, 5:26:46 pm] - Path : [http://localhost:4000/address/city?c=%D7%9B] - From Ip [ ::1]","level":"info"}
{"message":"Date: [08-06-2020, 5:27:26 pm] - Path : [http://localhost:4000/address/city?c=%D7%9B] - From Ip [ ::1]","level":"info"}
{"message":"Date: [08-06-2020, 5:30:08 pm] - Path : [http://localhost:4000/address/city?c=%D7%9B] - From Ip [ ::1]","level":"info"}
{"message":"Date: [08-06-2020, 5:35:25 pm] - Path : [http://localhost:4000/address/city?c=%D7%9B%D7%A4%D7%A8] - From Ip [ ::1]","level":"info"}
{"message":"Date: [08-06-2020, 5:36:11 pm] - Path : [http://localhost:4000/address/city?c=%D7%9B%D7%A4%D7%A8] - From Ip [ ::1]","level":"info"}
{"message":"Date: [08-06-2020, 5:36:59 pm] - Path : [http://localhost:4000/address/city?c=%D7%9B%D7%A4%D7%A8] - From Ip [ ::1]","level":"info"}
{"message":"Date: [08-06-2020, 5:37:38 pm] - Path : [http://localhost:4000/address/city?c=%D7%9B%D7%A4%D7%A8] - From Ip [ ::1]","level":"info"}
{"message":"Date: [08-06-2020, 5:38:19 pm] - Path : [http://localhost:4000/address/city?c=%D7%9B%D7%A4%D7%A8] - From Ip [ ::1]","level":"info"}
{"message":"Date: [08-06-2020, 5:38:48 pm] - Path : [http://localhost:4000/address/city?c=%D7%9B] - From Ip [ ::1]","level":"info"}
{"message":"Date: [08-06-2020, 5:39:33 pm] - Path : [http://localhost:4000/address/city?c=%D7%9B] - From Ip [ ::1]","level":"info"}
{"message":"Date: [08-06-2020, 5:39:50 pm] - Path : [http://localhost:4000/address/city?c=%D7%9B%D7%A4%D7%A8] - From Ip [ ::1]","level":"info"}
{"message":"Date: [08-06-2020, 5:41:25 pm] - Path : [http://localhost:4000/address/city?c=%D7%9B%D7%A4%D7%A8] - From Ip [ ::1]","level":"info"}
{"message":"Date: [08-06-2020, 5:41:43 pm] - Path : [http://localhost:4000/address/city?c=%D7%9B%D7%A4%D7%A8] - From Ip [ ::1]","level":"info"}
{"message":"Date: [08-06-2020, 5:44:28 pm] - Path : [http://localhost:4000/address/city?c=%D7%9B%D7%A4%D7%A8] - From Ip [ ::1]","level":"info"}
{"message":"Date: [08-06-2020, 5:44:46 pm] - Path : [http://localhost:4000/address/city?c=%D7%9B%D7%A4%D7%A8] - From Ip [ ::1]","level":"info"}
{"message":"Date: [08-06-2020, 5:45:07 pm] - Path : [http://localhost:4000/address/city?c=%D7%9B%D7%A4%D7%A8] - From Ip [ ::1]","level":"info"}
{"message":"Date: [08-06-2020, 5:48:36 pm] - Path : [http://localhost:4000/address/city?c=%D7%9B%D7%A4%D7%A8] - From Ip [ ::1]","level":"info"}
{"message":"Date: [08-06-2020, 5:49:15 pm] - Path : [http://localhost:4000/address/city?c=%20%20%D7%9B%D7%A4%D7%A8%20%20%D7%A1] - From Ip [ ::1]","level":"info"}
{"message":"Date: [08-06-2020, 5:49:22 pm] - Path : [http://localhost:4000/address/city?c=%20%20%D7%9B%D7%A4%D7%A8%20%D7%A1] - From Ip [ ::1]","level":"info"}
{"message":"Date: [08-06-2020, 5:49:32 pm] - Path : [http://localhost:4000/address/city?c=%D7%9B%D7%A4%D7%A8%20%D7%A1] - From Ip [ ::1]","level":"info"}
{"message":"Date: [08-06-2020, 5:49:47 pm] - Path : [http://localhost:4000/address/city?c=%D7%93%D7%99] - From Ip [ ::1]","level":"info"}
{"message":"Date: [08-06-2020, 5:50:12 pm] - Path : [http://localhost:4000/address/city?c=%D7%93%D7%99%D7%9E] - From Ip [ ::1]","level":"info"}
{"message":"Date: [08-06-2020, 5:51:00 pm] - Path : [http://localhost:4000/address/city?c=] - From Ip [ ::1]","level":"info"}
{"message":"Date: [08-06-2020, 5:51:13 pm] - Path : [http://localhost:4000/address/city?c=%D7%93] - From Ip [ ::1]","level":"info"}
{"message":"Date: [08-06-2020, 5:59:06 pm] - Path : [http://localhost:4000/address/city?c=%D7%9B%D7%A4%D7%A8%D7%A1%D7%91%D7%90&s=%D7%95%D7%95%D7%99] - From Ip [ ::1]","level":"info"}
{"message":"Date: [08-06-2020, 6:00:06 pm] - Path : [http://localhost:4000/address/street?c=%D7%9B%D7%A4%D7%A8%D7%A1%D7%91%D7%90&s=%D7%95%D7%95%D7%99] - From Ip [ ::1]","level":"info"}
{"message":"Date: [08-06-2020, 6:01:01 pm] - Path : [http://localhost:4000/address/street?c=%D7%9B%D7%A4%D7%A8%D7%A1%D7%91%D7%90&s=%D7%95%D7%95%D7%99] - From Ip [ ::1]","level":"info"}
{"message":"Date: [08-06-2020, 6:01:16 pm] - Path : [http://localhost:4000/address/street?s=%D7%95%D7%95%D7%99&c=%D7%9B%D7%A4%D7%A8%20%D7%A1%D7%91%D7%90] - From Ip [ ::1]","level":"info"}
{"message":"Date: [08-06-2020, 6:04:49 pm] - Path : [http://localhost:4000/address/street?s=%D7%95%D7%95%D7%99&c=%D7%9B%D7%A4%D7%A8%20%D7%A1%D7%91%D7%90] - From Ip [ ::1]","level":"info"}
{"message":"Date: [08-06-2020, 6:05:12 pm] - Path : [http://localhost:4000/address/street?c=%D7%9B%D7%A4%D7%A8%20%D7%A1%D7%91%D7%90&s=%D7%95%D7%99] - From Ip [ ::1]","level":"info"}
{"message":"Date: [08-06-2020, 6:14:06 pm] - Path : [http://localhost:4000/address/street?c=%D7%9B%D7%A4%D7%A8%20%D7%A1%D7%91%D7%90&s=%22%22] - From Ip [ ::1]","level":"info"}
{"message":"Date: [08-06-2020, 6:15:02 pm] - Path : [http://localhost:4000/address/street?c=%D7%9B%D7%A4%D7%A8%20%D7%A1%D7%91%D7%90&s=%22%22] - From Ip [ ::1]","level":"info"}
{"message":"Date: [08-06-2020, 6:15:25 pm] - Path : [http://localhost:4000/address/street?c=%D7%9B%D7%A4%D7%A8%20%D7%A1%D7%91%D7%90&s=%22%22] - From Ip [ ::1]","level":"info"}
{"message":"Date: [08-06-2020, 6:16:50 pm] - Path : [http://localhost:4000/address/street?c=%D7%9B%D7%A4%D7%A8%20%D7%A1%D7%91%D7%90&s=%22%22] - From Ip [ ::1]","level":"info"}
{"message":"Date: [08-06-2020, 6:18:03 pm] - Path : [http://localhost:4000/address/street?c=%D7%9B%D7%A4%D7%A8%20%D7%A1%D7%91%D7%90&s=%22%22] - From Ip [ ::1]","level":"info"}
{"message":"Date: [08-06-2020, 6:20:54 pm] - Path : [http://localhost:4000/address/street?c=%D7%9B%D7%A4%D7%A8%20%D7%A1%D7%91%D7%90&s=%22%22] - From Ip [ ::1]","level":"info"}
{"message":"Date: [08-06-2020, 6:21:00 pm] - Path : [http://localhost:4000/address/street?c=%D7%9B%D7%A4%D7%A8%20%D7%A1%D7%91%D7%90&s=] - From Ip [ ::1]","level":"info"}
{"message":"Date: [08-06-2020, 6:21:40 pm] - Path : [http://localhost:4000/address/street?c=%D7%9B%D7%A4%D7%A8%20%D7%A1%D7%91%D7%90&s=%22%22] - From Ip [ ::1]","level":"info"}
{"message":"Date: [08-06-2020, 6:22:01 pm] - Path : [http://localhost:4000/address/street?c=%D7%9B%D7%A4%D7%A8%20%D7%A1%D7%91%D7%90&s=%22%22] - From Ip [ ::1]","level":"info"}
{"message":"Date: [08-06-2020, 6:22:52 pm] - Path : [http://localhost:4000/address/street?c=%D7%9B%D7%A4%D7%A8%20%D7%A1%D7%91%D7%90&s=%22%22] - From Ip [ ::1]","level":"info"}
{"message":"Date: [08-06-2020, 6:23:36 pm] - Path : [http://localhost:4000/address/street?c=%D7%9B%D7%A4%D7%A8%20%D7%A1%D7%91%D7%90&s=%22%22] - From Ip [ ::1]","level":"info"}
{"message":"Date: [08-06-2020, 6:23:43 pm] - Path : [http://localhost:4000/address/street?c=%D7%9B%D7%A4%D7%A8%20%D7%A1%D7%91%D7%90&s=%22%22] - From Ip [ ::1]","level":"info"}
{"message":"Date: [08-06-2020, 6:24:22 pm] - Path : [http://localhost:4000/address/street?c=%D7%9B%D7%A4%D7%A8%20%D7%A1%D7%91%D7%90&s=%22%22] - From Ip [ ::1]","level":"info"}
{"message":"Date: [08-06-2020, 6:24:34 pm] - Path : [http://localhost:4000/address/street?c=%D7%9B%D7%A4%D7%A8%20%D7%A1%D7%91%D7%90&s=] - From Ip [ ::1]","level":"info"}
{"message":"Date: [08-06-2020, 6:25:03 pm] - Path : [http://localhost:4000/address/street?c=%D7%9B%D7%A4%D7%A8%20%D7%A1%D7%91%D7%90&s=] - From Ip [ ::1]","level":"info"}
{"message":"Date: [08-06-2020, 6:25:46 pm] - Path : [http://localhost:4000/address/street?c=%D7%9B%D7%A4%D7%A8%20%D7%A1%D7%91%D7%90&s=] - From Ip [ ::1]","level":"info"}
{"message":"Date: [08-06-2020, 6:26:41 pm] - Path : [http://localhost:4000/address/street?c=%D7%9B%D7%A4%D7%A8%20%D7%A1%D7%91%D7%90&s=%D7%95%D7%99] - From Ip [ ::1]","level":"info"}
{"message":"Date: [08-06-2020, 8:13:06 pm] - Path : [http://localhost:4000/hc] - From Ip [ ::1]","level":"info"}
{"message":"Date: [08-06-2020, 8:13:07 pm] - Path : [http://localhost:4000/favicon.ico] - From Ip [ ::1]","level":"info"}
{"message":"Date: [08-06-2020, 8:25:48 pm] - Path : [http://localhost:4000/address/city?c=%D7%9B] - From Ip [ ::1]","level":"info"}
{"message":"Date: [08-06-2020, 8:25:54 pm] - Path : [http://localhost:4000/address/city?c=%D7%9B%D7%A4%D7%A8] - From Ip [ ::1]","level":"info"}
{"message":"Date: [08-06-2020, 8:26:53 pm] - Path : [http://localhost:4000/address/city?c=%D7%9B] - From Ip [ ::1]","level":"info"}
{"message":"Date: [08-06-2020, 8:26:54 pm] - Path : [http://localhost:4000/address/city?c=%D7%9B%D7%A4] - From Ip [ ::1]","level":"info"}
{"message":"Date: [08-06-2020, 8:29:00 pm] - Path : [http://localhost:4000/address/city?c=%D7%9B] - From Ip [ ::1]","level":"info"}
{"message":"Date: [08-06-2020, 8:29:01 pm] - Path : [http://localhost:4000/address/city?c=%D7%9B%D7%A4] - From Ip [ ::1]","level":"info"}
{"message":"Date: [08-06-2020, 8:29:03 pm] - Path : [http://localhost:4000/address/city?c=%D7%9B%D7%A4%D7%A8] - From Ip [ ::1]","level":"info"}
{"message":"Date: [08-06-2020, 8:29:04 pm] - Path : [http://localhost:4000/address/city?c=%D7%9B%D7%A4%D7%A8] - From Ip [ ::1]","level":"info"}
{"message":"Date: [08-06-2020, 8:29:05 pm] - Path : [http://localhost:4000/address/city?c=%D7%9B%D7%A4%D7%A8%20%D7%A1] - From Ip [ ::1]","level":"info"}
{"message":"Date: [08-06-2020, 8:29:06 pm] - Path : [http://localhost:4000/address/city?c=%D7%9B%D7%A4%D7%A8%20%D7%A1%D7%91%D7%90] - From Ip [ ::1]","level":"info"}
{"message":"Date: [08-06-2020, 8:29:15 pm] - Path : [http://localhost:4000/address/city?c=undefined] - From Ip [ ::1]","level":"info"}
{"message":"Date: [08-06-2020, 8:29:19 pm] - Path : [http://localhost:4000/address/city?c=%D7%9B%D7%A4%D7%A8] - From Ip [ ::1]","level":"info"}
{"message":"Date: [08-06-2020, 8:29:20 pm] - Path : [http://localhost:4000/address/city?c=%D7%9B%D7%A4%D7%A8%20%D7%A1%D7%91] - From Ip [ ::1]","level":"info"}
{"message":"Date: [08-06-2020, 8:29:20 pm] - Path : [http://localhost:4000/address/city?c=%D7%9B%D7%A4%D7%A8%20%D7%A1%D7%91%D7%90] - From Ip [ ::1]","level":"info"}
{"message":"Date: [08-06-2020, 8:29:22 pm] - Path : [http://localhost:4000/address/city?c=undefined] - From Ip [ ::1]","level":"info"}
{"message":"Date: [08-06-2020, 8:29:25 pm] - Path : [http://localhost:4000/address/city?c=%D7%9B%D7%A4%D7%A8%20%D7%A1%D7%91%D7%90] - From Ip [ ::1]","level":"info"}
{"message":"Date: [08-06-2020, 8:30:11 pm] - Path : [http://localhost:4000/address/city?c=f] - From Ip [ ::1]","level":"info"}
{"message":"Date: [08-06-2020, 8:30:12 pm] - Path : [http://localhost:4000/address/city?c=] - From Ip [ ::1]","level":"info"}
{"message":"Date: [08-06-2020, 8:30:14 pm] - Path : [http://localhost:4000/address/city?c=%D7%9B%D7%A4] - From Ip [ ::1]","level":"info"}
{"message":"Date: [08-06-2020, 8:30:16 pm] - Path : [http://localhost:4000/address/city?c=%D7%9B%D7%A4%D7%A8] - From Ip [ ::1]","level":"info"}
{"message":"Date: [08-06-2020, 8:30:19 pm] - Path : [http://localhost:4000/address/city?c=%D7%9B%D7%A4%D7%A8%20%D7%A1%D7%91%D7%90] - From Ip [ ::1]","level":"info"}
{"message":"Date: [08-06-2020, 8:39:30 pm] - Path : [http://localhost:4000/address/city?c=%D7%9B] - From Ip [ ::1]","level":"info"}
{"message":"Date: [08-06-2020, 8:39:31 pm] - Path : [http://localhost:4000/address/city?c=%D7%9B%D7%A4] - From Ip [ ::1]","level":"info"}
{"message":"Date: [08-06-2020, 8:39:32 pm] - Path : [http://localhost:4000/address/city?c=%D7%9B%D7%A4%D7%A8] - From Ip [ ::1]","level":"info"}
{"message":"Date: [08-06-2020, 8:39:35 pm] - Path : [http://localhost:4000/address/city?c=%D7%9B%D7%A4%D7%A8%20%D7%A1%D7%91%D7%90] - From Ip [ ::1]","level":"info"}
{"message":"Date: [08-06-2020, 8:40:47 pm] - Path : [http://localhost:4000/address/city?c=%D7%9B] - From Ip [ ::1]","level":"info"}
{"message":"Date: [08-06-2020, 8:40:47 pm] - Path : [http://localhost:4000/address/city?c=%D7%9B%D7%A4] - From Ip [ ::1]","level":"info"}
{"message":"Date: [08-06-2020, 8:40:48 pm] - Path : [http://localhost:4000/address/city?c=%D7%9B%D7%A4%D7%A8] - From Ip [ ::1]","level":"info"}
{"message":"Date: [08-06-2020, 8:40:50 pm] - Path : [http://localhost:4000/address/city?c=%D7%9B%D7%A4%D7%A8%20%20%D7%A1%D7%91%D7%90] - From Ip [ ::1]","level":"info"}
{"message":"Date: [08-06-2020, 8:44:09 pm] - Path : [http://localhost:4000/address/city?c=%D7%9B] - From Ip [ ::1]","level":"info"}
{"message":"Date: [08-06-2020, 8:44:10 pm] - Path : [http://localhost:4000/address/city?c=%D7%9B%D7%A4%D7%A8] - From Ip [ ::1]","level":"info"}
{"message":"Date: [08-06-2020, 8:45:21 pm] - Path : [http://localhost:4000/address/city?c=%D7%9B%D7%A4%D7%A8] - From Ip [ ::1]","level":"info"}
{"message":"Date: [08-06-2020, 8:46:58 pm] - Path : [http://localhost:4000/address/city?c=f] - From Ip [ ::1]","level":"info"}
{"message":"Date: [08-06-2020, 8:46:59 pm] - Path : [http://localhost:4000/address/city?c=] - From Ip [ ::1]","level":"info"}
{"message":"Date: [08-06-2020, 8:47:00 pm] - Path : [http://localhost:4000/address/city?c=%D7%9B] - From Ip [ ::1]","level":"info"}
{"message":"Date: [08-06-2020, 8:47:02 pm] - Path : [http://localhost:4000/address/city?c=%D7%9B%D7%A4] - From Ip [ ::1]","level":"info"}
{"message":"Date: [08-06-2020, 8:47:03 pm] - Path : [http://localhost:4000/address/city?c=%D7%9B%D7%A4%D7%A8] - From Ip [ ::1]","level":"info"}
{"message":"Date: [08-06-2020, 8:47:42 pm] - Path : [http://localhost:4000/address/city?c=%D7%9B] - From Ip [ ::1]","level":"info"}
{"message":"Date: [08-06-2020, 8:50:15 pm] - Path : [http://localhost:4000/address/city?c=%D7%9B] - From Ip [ ::1]","level":"info"}
{"message":"Date: [08-06-2020, 8:51:13 pm] - Path : [http://localhost:4000/address/city?c=%D7%9B] - From Ip [ ::1]","level":"info"}
{"message":"Date: [08-06-2020, 8:51:16 pm] - Path : [http://localhost:4000/address/city?c=%D7%9B%D7%A4] - From Ip [ ::1]","level":"info"}
{"message":"Date: [08-06-2020, 8:52:44 pm] - Path : [http://localhost:4000/address/city?c=%D7%9B] - From Ip [ ::1]","level":"info"}
{"message":"Date: [08-06-2020, 8:52:45 pm] - Path : [http://localhost:4000/address/city?c=%D7%9B%D7%A4%D7%A8] - From Ip [ ::1]","level":"info"}
{"message":"Date: [08-06-2020, 8:53:20 pm] - Path : [http://localhost:4000/address/city?c=%D7%9B] - From Ip [ ::1]","level":"info"}
{"message":"Date: [08-06-2020, 8:53:21 pm] - Path : [http://localhost:4000/address/city?c=%D7%9B%D7%A4] - From Ip [ ::1]","level":"info"}
{"message":"Date: [08-06-2020, 8:53:22 pm] - Path : [http://localhost:4000/address/city?c=%D7%9B%D7%A4%D7%A8] - From Ip [ ::1]","level":"info"}
{"message":"Date: [08-06-2020, 8:54:34 pm] - Path : [http://localhost:4000/address/city?c=%D7%9B] - From Ip [ ::1]","level":"info"}
{"message":"Date: [08-06-2020, 8:54:35 pm] - Path : [http://localhost:4000/address/city?c=%D7%9B%D7%A4] - From Ip [ ::1]","level":"info"}
{"message":"Date: [08-06-2020, 8:54:36 pm] - Path : [http://localhost:4000/address/city?c=%D7%9B%D7%A4%D7%A8] - From Ip [ ::1]","level":"info"}
{"message":"Date: [08-06-2020, 8:55:12 pm] - Path : [http://localhost:4000/address/city?c=f] - From Ip [ ::1]","level":"info"}
{"message":"Date: [08-06-2020, 8:55:12 pm] - Path : [http://localhost:4000/address/city?c=] - From Ip [ ::1]","level":"info"}
{"message":"Date: [08-06-2020, 8:55:14 pm] - Path : [http://localhost:4000/address/city?c=%D7%9B] - From Ip [ ::1]","level":"info"}
{"message":"Date: [08-06-2020, 8:55:15 pm] - Path : [http://localhost:4000/address/city?c=%D7%9B%D7%A4] - From Ip [ ::1]","level":"info"}
{"message":"Date: [08-06-2020, 8:55:15 pm] - Path : [http://localhost:4000/address/city?c=%D7%9B%D7%A4%D7%A8] - From Ip [ ::1]","level":"info"}
{"message":"Date: [08-06-2020, 8:55:25 pm] - Path : [http://localhost:4000/address/city?c=%D7%9B%D7%A4%D7%A8%20%D7%A1] - From Ip [ ::1]","level":"info"}
{"message":"Date: [08-06-2020, 8:55:27 pm] - Path : [http://localhost:4000/address/city?c=%D7%9B%D7%A4%D7%A8%20%D7%A1%D7%91] - From Ip [ ::1]","level":"info"}
{"message":"Date: [08-06-2020, 9:05:46 pm] - Path : [http://localhost:4000/address/city?c=%D7%9B] - From Ip [ ::1]","level":"info"}
{"message":"Date: [08-06-2020, 9:05:47 pm] - Path : [http://localhost:4000/address/city?c=%D7%9B%D7%A4] - From Ip [ ::1]","level":"info"}
{"message":"Date: [08-06-2020, 9:05:48 pm] - Path : [http://localhost:4000/address/city?c=%D7%9B%D7%A4%D7%A8] - From Ip [ ::1]","level":"info"}
{"message":"Date: [08-06-2020, 9:05:52 pm] - Path : [http://localhost:4000/address/city?c=%D7%9B%D7%A4%D7%A8%20%D7%A1%D7%91%D7%90] - From Ip [ ::1]","level":"info"}
{"message":"Date: [08-06-2020, 9:05:53 pm] - Path : [http://localhost:4000/address/city?c=undefined] - From Ip [ ::1]","level":"info"}
{"message":"Date: [08-06-2020, 9:07:58 pm] - Path : [http://localhost:4000/address/city?c=%D7%9B] - From Ip [ ::1]","level":"info"}
{"message":"Date: [08-06-2020, 9:07:59 pm] - Path : [http://localhost:4000/address/city?c=%D7%9B%D7%A4] - From Ip [ ::1]","level":"info"}
{"message":"Date: [08-06-2020, 9:08:00 pm] - Path : [http://localhost:4000/address/city?c=%D7%9B%D7%A4%D7%A8] - From Ip [ ::1]","level":"info"}
{"message":"Date: [08-06-2020, 9:08:21 pm] - Path : [http://localhost:4000/address/city?c=f] - From Ip [ ::1]","level":"info"}
{"message":"Date: [08-06-2020, 9:08:22 pm] - Path : [http://localhost:4000/address/city?c=] - From Ip [ ::1]","level":"info"}
{"message":"Date: [08-06-2020, 9:08:23 pm] - Path : [http://localhost:4000/address/city?c=%D7%9B] - From Ip [ ::1]","level":"info"}
{"message":"Date: [08-06-2020, 9:08:24 pm] - Path : [http://localhost:4000/address/city?c=%D7%9B%D7%A4] - From Ip [ ::1]","level":"info"}
{"message":"Date: [08-06-2020, 9:08:24 pm] - Path : [http://localhost:4000/address/city?c=%D7%9B%D7%A4%D7%A8] - From Ip [ ::1]","level":"info"}
{"message":"Date: [08-06-2020, 9:08:27 pm] - Path : [http://localhost:4000/address/city?c=%D7%9B%D7%A4%D7%A8%20%D7%A1%D7%91%D7%90] - From Ip [ ::1]","level":"info"}
{"message":"Date: [08-06-2020, 9:19:30 pm] - Path : [http://localhost:4000/address/city?c=f] - From Ip [ ::1]","level":"info"}
{"message":"Date: [08-06-2020, 9:19:31 pm] - Path : [http://localhost:4000/address/city?c=] - From Ip [ ::1]","level":"info"}
{"message":"Date: [08-06-2020, 9:19:32 pm] - Path : [http://localhost:4000/address/city?c=%D7%9B] - From Ip [ ::1]","level":"info"}
{"message":"Date: [08-06-2020, 9:19:33 pm] - Path : [http://localhost:4000/address/city?c=%D7%9B%D7%A4] - From Ip [ ::1]","level":"info"}
{"message":"Date: [08-06-2020, 9:19:35 pm] - Path : [http://localhost:4000/address/city?c=%D7%9B%D7%A4%D7%A8] - From Ip [ ::1]","level":"info"}
{"message":"Date: [08-06-2020, 9:29:46 pm] - Path : [http://localhost:4000/address/city?c=%D7%9B] - From Ip [ ::1]","level":"info"}
{"message":"Date: [08-06-2020, 9:29:47 pm] - Path : [http://localhost:4000/address/city?c=%D7%9B%D7%A4] - From Ip [ ::1]","level":"info"}
{"message":"Date: [08-06-2020, 9:29:48 pm] - Path : [http://localhost:4000/address/city?c=%D7%9B%D7%A4%D7%A8] - From Ip [ ::1]","level":"info"}
{"message":"Date: [08-06-2020, 9:29:50 pm] - Path : [http://localhost:4000/address/city?c=%D7%9B%D7%A4%D7%A8%20%D7%A1%D7%91%D7%90] - From Ip [ ::1]","level":"info"}
{"message":"Date: [08-06-2020, 9:30:34 pm] - Path : [http://localhost:4000/address/city?c=f] - From Ip [ ::1]","level":"info"}
{"message":"Date: [08-06-2020, 9:30:35 pm] - Path : [http://localhost:4000/address/city?c=] - From Ip [ ::1]","level":"info"}
{"message":"Date: [08-06-2020, 9:30:36 pm] - Path : [http://localhost:4000/address/city?c=%D7%9B] - From Ip [ ::1]","level":"info"}
{"message":"Date: [08-06-2020, 9:30:38 pm] - Path : [http://localhost:4000/address/city?c=%D7%9B%D7%A4] - From Ip [ ::1]","level":"info"}
{"message":"Date: [08-06-2020, 9:30:39 pm] - Path : [http://localhost:4000/address/city?c=%D7%9B%D7%A4%D7%A8] - From Ip [ ::1]","level":"info"}
{"message":"Date: [08-06-2020, 9:30:42 pm] - Path : [http://localhost:4000/address/city?c=%D7%9B%D7%A4%D7%A8%20%D7%A1%D7%91%D7%90] - From Ip [ ::1]","level":"info"}
{"message":"Date: [08-06-2020, 9:30:44 pm] - Path : [http://localhost:4000/address/city?c=undefined] - From Ip [ ::1]","level":"info"}
{"message":"Date: [08-06-2020, 9:30:46 pm] - Path : [http://localhost:4000/address/city?c=%D7%9B] - From Ip [ ::1]","level":"info"}
{"message":"Date: [08-06-2020, 9:30:46 pm] - Path : [http://localhost:4000/address/city?c=%D7%9B%D7%A4] - From Ip [ ::1]","level":"info"}
{"message":"Date: [08-06-2020, 9:30:48 pm] - Path : [http://localhost:4000/address/city?c=%D7%9B%D7%A4%D7%A8] - From Ip [ ::1]","level":"info"}
{"message":"Date: [08-06-2020, 9:30:49 pm] - Path : [http://localhost:4000/address/city?c=%D7%9B%D7%A4%D7%A8%20%D7%A1] - From Ip [ ::1]","level":"info"}
{"message":"Date: [08-06-2020, 9:31:17 pm] - Path : [http://localhost:4000/address/city?c=] - From Ip [ ::1]","level":"info"}
{"message":"Date: [08-06-2020, 9:31:19 pm] - Path : [http://localhost:4000/address/city?c=%D7%9B%D7%A4%D7%A8] - From Ip [ ::1]","level":"info"}
{"message":"Date: [08-06-2020, 9:34:39 pm] - Path : [http://localhost:4000/address/city?c=%D7%9B%D7%A4%D7%A8] - From Ip [ ::1]","level":"info"}
{"message":"Date: [08-06-2020, 9:34:44 pm] - Path : [http://localhost:4000/address/city?c=%D7%9B%D7%A4%D7%A8%20%D7%A1%D7%91%D7%90] - From Ip [ ::1]","level":"info"}
{"message":"Date: [08-06-2020, 9:36:13 pm] - Path : [http://localhost:4000/address/city?c=%D7%9B] - From Ip [ ::1]","level":"info"}
{"message":"Date: [08-06-2020, 9:36:15 pm] - Path : [http://localhost:4000/address/city?c=%D7%9B%D7%A4] - From Ip [ ::1]","level":"info"}
{"message":"Date: [08-06-2020, 9:36:16 pm] - Path : [http://localhost:4000/address/city?c=%D7%9B%D7%A4%D7%A8] - From Ip [ ::1]","level":"info"}
{"message":"Date: [08-06-2020, 9:36:18 pm] - Path : [http://localhost:4000/address/city?c=%D7%9B%D7%A4%D7%A8%20%D7%A1%D7%91] - From Ip [ ::1]","level":"info"}
{"message":"Date: [08-06-2020, 9:36:20 pm] - Path : [http://localhost:4000/address/city?c=%D7%9B%D7%A4%D7%A8%20%D7%A1%D7%91%D7%90] - From Ip [ ::1]","level":"info"}
{"message":"Date: [08-06-2020, 9:37:55 pm] - Path : [http://localhost:4000/address/city?c=] - From Ip [ ::1]","level":"info"}
{"message":"Date: [08-06-2020, 9:37:56 pm] - Path : [http://localhost:4000/address/city?c=%D7%9B%D7%A4%D7%A8] - From Ip [ ::1]","level":"info"}
{"message":"Date: [08-06-2020, 9:37:59 pm] - Path : [http://localhost:4000/address/city?c=%D7%9B%D7%A4%D7%A8] - From Ip [ ::1]","level":"info"}
{"message":"Date: [08-06-2020, 9:38:00 pm] - Path : [http://localhost:4000/address/city?c=%D7%9B%D7%A4%D7%A8%20%D7%A1%D7%91%D7%90] - From Ip [ ::1]","level":"info"}
{"message":"Date: [08-06-2020, 9:38:04 pm] - Path : [http://localhost:4000/address/city?c=%D7%9B%D7%A4%D7%A8%20%D7%A1%D7%91%D7%90] - From Ip [ ::1]","level":"info"}
{"message":"Date: [08-06-2020, 9:38:08 pm] - Path : [http://localhost:4000/address/city?c=%D7%AA%D7%9C] - From Ip [ ::1]","level":"info"}
{"message":"Date: [08-06-2020, 9:38:11 pm] - Path : [http://localhost:4000/address/city?c=%D7%AA%D7%9C%20%D7%90] - From Ip [ ::1]","level":"info"}
{"message":"Date: [08-06-2020, 9:38:12 pm] - Path : [http://localhost:4000/address/city?c=%D7%AA%D7%9C%20%D7%90%D7%91] - From Ip [ ::1]","level":"info"}
{"message":"Date: [08-06-2020, 9:38:14 pm] - Path : [http://localhost:4000/address/city?c=%D7%AA%D7%9C%20%D7%90%D7%91%D6%BF] - From Ip [ ::1]","level":"info"}
{"message":"Date: [08-06-2020, 9:38:17 pm] - Path : [http://localhost:4000/address/city?c=%D7%9B%D7%A4] - From Ip [ ::1]","level":"info"}
{"message":"Date: [08-06-2020, 9:38:23 pm] - Path : [http://localhost:4000/address/city?c=%D7%9B%D7%A4%D7%A8] - From Ip [ ::1]","level":"info"}
{"message":"Date: [08-06-2020, 9:38:26 pm] - Path : [http://localhost:4000/address/city?c=%D7%9B%D7%A4%D7%A8%20%D7%A1%D7%91] - From Ip [ ::1]","level":"info"}
{"message":"Date: [08-06-2020, 9:47:03 pm] - Path : [http://localhost:4000/address/city?c=%D7%9B] - From Ip [ ::1]","level":"info"}
{"message":"Date: [08-06-2020, 9:47:04 pm] - Path : [http://localhost:4000/address/city?c=%D7%9B%D7%A4] - From Ip [ ::1]","level":"info"}
{"message":"Date: [08-06-2020, 9:47:06 pm] - Path : [http://localhost:4000/address/city?c=%D7%9B%D7%A4%D7%A8] - From Ip [ ::1]","level":"info"}
{"message":"Date: [08-06-2020, 9:47:07 pm] - Path : [http://localhost:4000/address/city?c=%D7%9B%D7%A4%D7%A8] - From Ip [ ::1]","level":"info"}
{"message":"Date: [08-06-2020, 9:47:08 pm] - Path : [http://localhost:4000/address/city?c=%D7%9B%D7%A4%D7%A8%20%D7%A1] - From Ip [ ::1]","level":"info"}
{"message":"Date: [08-06-2020, 9:47:10 pm] - Path : [http://localhost:4000/address/city?c=%D7%9B%D7%A4%D7%A8%20%D7%A1%D7%91] - From Ip [ ::1]","level":"info"}
{"message":"Date: [08-06-2020, 9:48:20 pm] - Path : [http://localhost:4000/address/city?c=] - From Ip [ ::1]","level":"info"}
{"message":"Date: [08-06-2020, 9:48:27 pm] - Path : [http://localhost:4000/address/city?c=f] - From Ip [ ::1]","level":"info"}
{"message":"Date: [08-06-2020, 9:48:28 pm] - Path : [http://localhost:4000/address/city?c=] - From Ip [ ::1]","level":"info"}
{"message":"Date: [08-06-2020, 9:48:29 pm] - Path : [http://localhost:4000/address/city?c=%D7%9B] - From Ip [ ::1]","level":"info"}
{"message":"Date: [08-06-2020, 9:48:31 pm] - Path : [http://localhost:4000/address/city?c=%D7%9B%D7%A4] - From Ip [ ::1]","level":"info"}
{"message":"Date: [08-06-2020, 9:50:20 pm] - Path : [http://localhost:4000/address/city?c=f] - From Ip [ ::1]","level":"info"}
{"message":"Date: [08-06-2020, 9:50:21 pm] - Path : [http://localhost:4000/address/city?c=] - From Ip [ ::1]","level":"info"}
{"message":"Date: [08-06-2020, 9:50:22 pm] - Path : [http://localhost:4000/address/city?c=%D7%9B] - From Ip [ ::1]","level":"info"}
{"message":"Date: [08-06-2020, 9:50:24 pm] - Path : [http://localhost:4000/address/city?c=%D7%9B%D7%A4] - From Ip [ ::1]","level":"info"}
{"message":"Date: [08-06-2020, 9:50:27 pm] - Path : [http://localhost:4000/address/city?c=%D7%9B%D7%A4%D7%A8] - From Ip [ ::1]","level":"info"}
{"message":"Date: [08-06-2020, 9:50:28 pm] - Path : [http://localhost:4000/address/city?c=%D7%9B%D7%A4%D7%A8%20%D7%A1] - From Ip [ ::1]","level":"info"}
{"message":"Date: [08-06-2020, 9:52:04 pm] - Path : [http://localhost:4000/address/city?c=%D7%9B] - From Ip [ ::1]","level":"info"}
{"message":"Date: [08-06-2020, 9:52:06 pm] - Path : [http://localhost:4000/address/city?c=%D7%9B%D7%A4] - From Ip [ ::1]","level":"info"}
{"message":"Date: [08-06-2020, 9:52:08 pm] - Path : [http://localhost:4000/address/city?c=%D7%9B%D7%A4%D7%A8] - From Ip [ ::1]","level":"info"}
{"message":"Date: [08-06-2020, 9:52:38 pm] - Path : [http://localhost:4000/address/city?c=f] - From Ip [ ::1]","level":"info"}
{"message":"Date: [08-06-2020, 9:52:39 pm] - Path : [http://localhost:4000/address/city?c=] - From Ip [ ::1]","level":"info"}
{"message":"Date: [08-06-2020, 9:52:40 pm] - Path : [http://localhost:4000/address/city?c=%D7%9B] - From Ip [ ::1]","level":"info"}
{"message":"Date: [08-06-2020, 9:52:42 pm] - Path : [http://localhost:4000/address/city?c=%D7%9B%D7%A4%D7%A8] - From Ip [ ::1]","level":"info"}
{"message":"Date: [08-06-2020, 9:52:44 pm] - Path : [http://localhost:4000/address/city?c=%D7%9B%D7%A4%D7%A8%20%D7%A1%D7%91%D7%90] - From Ip [ ::1]","level":"info"}
{"message":"Date: [08-06-2020, 9:52:46 pm] - Path : [http://localhost:4000/address/city?c=%D7%9B%D7%A4%D7%A8%20%D7%A1%D7%91%D7%90] - From Ip [ ::1]","level":"info"}
{"message":"Date: [08-06-2020, 9:52:50 pm] - Path : [http://localhost:4000/address/city?c=[object%20Object]?s=%D7%95] - From Ip [ ::1]","level":"info"}
{"message":"Date: [08-06-2020, 9:52:53 pm] - Path : [http://localhost:4000/address/city?c=[object%20Object]?s=%D7%95%D7%95] - From Ip [ ::1]","level":"info"}
{"message":"Date: [08-06-2020, 9:52:56 pm] - Path : [http://localhost:4000/address/city?c=[object%20Object]?s=%D7%95%D7%99] - From Ip [ ::1]","level":"info"}
{"message":"Date: [08-06-2020, 9:53:01 pm] - Path : [http://localhost:4000/address/city?c=[object%20Object]?s=%D7%95%D7%99%D7%A6] - From Ip [ ::1]","level":"info"}
{"message":"Date: [08-06-2020, 9:53:03 pm] - Path : [http://localhost:4000/address/city?c=[object%20Object]?s=%D7%95%D7%99%D7%A6%D7%9E%D7%9F] - From Ip [ ::1]","level":"info"}
{"message":"Date: [08-06-2020, 9:54:53 pm] - Path : [http://localhost:4000/address/city?c=%D7%9B] - From Ip [ ::1]","level":"info"}
{"message":"Date: [08-06-2020, 9:54:54 pm] - Path : [http://localhost:4000/address/city?c=%D7%9B%D7%A4] - From Ip [ ::1]","level":"info"}
{"message":"Date: [08-06-2020, 9:54:55 pm] - Path : [http://localhost:4000/address/city?c=%D7%9B%D7%A4%D7%A8] - From Ip [ ::1]","level":"info"}
{"message":"Date: [08-06-2020, 9:54:57 pm] - Path : [http://localhost:4000/address/city?c=%D7%9B%D7%A4%D7%A8] - From Ip [ ::1]","level":"info"}
{"message":"Date: [08-06-2020, 9:54:59 pm] - Path : [http://localhost:4000/address/city?c=%D7%9B%D7%A4%D7%A8%20%D7%A1%D7%91] - From Ip [ ::1]","level":"info"}
{"message":"Date: [08-06-2020, 9:55:04 pm] - Path : [http://localhost:4000/address/city?c=%D7%9B%D7%A4%D7%A8%20%D7%A1%D7%91%D7%90] - From Ip [ ::1]","level":"info"}
{"message":"Date: [08-06-2020, 9:55:07 pm] - Path : [http://localhost:4000/address/city?c=[object%20Object]?s=%D7%94] - From Ip [ ::1]","level":"info"}
{"message":"Date: [08-06-2020, 9:57:13 pm] - Path : [http://localhost:4000/address/city?c=%D7%9B%D7%A4%D7%A8%20%D7%A1%D7%91%D7%90] - From Ip [ ::1]","level":"info"}
{"message":"Date: [08-06-2020, 9:57:17 pm] - Path : [http://localhost:4000/address/city?c=%D7%9B%D7%A4%D7%A8%20%D7%A1%D7%91%D7%90] - From Ip [ ::1]","level":"info"}
{"message":"Date: [08-06-2020, 9:57:20 pm] - Path : [http://localhost:4000/address/city?c=[object%20Object]?s=%D7%AA] - From Ip [ ::1]","level":"info"}
{"message":"Date: [08-06-2020, 9:57:21 pm] - Path : [http://localhost:4000/address/city?c=[object%20Object]?s=%D7%AA%D7%9C] - From Ip [ ::1]","level":"info"}
{"message":"Date: [08-06-2020, 9:58:05 pm] - Path : [http://localhost:4000/address/city?c=%D7%9B%D7%A4] - From Ip [ ::1]","level":"info"}
{"message":"Date: [08-06-2020, 9:58:07 pm] - Path : [http://localhost:4000/address/city?c=%D7%9B%D7%A4%D7%A8%20%D7%A1%D7%91%D7%90] - From Ip [ ::1]","level":"info"}
{"message":"Date: [08-06-2020, 9:58:11 pm] - Path : [http://localhost:4000/address/city?c=%D7%9B%D7%A4%D7%A8%20%D7%A1%D7%91%D7%90] - From Ip [ ::1]","level":"info"}
{"message":"Date: [08-06-2020, 9:58:15 pm] - Path : [http://localhost:4000/address/city?c=%D7%9B%D7%A4%D7%A8%20%D7%A1%D7%91%D7%90?s=%D7%AA] - From Ip [ ::1]","level":"info"}
{"message":"Date: [08-06-2020, 9:58:15 pm] - Path : [http://localhost:4000/address/city?c=%D7%9B%D7%A4%D7%A8%20%D7%A1%D7%91%D7%90?s=%D7%AA%D7%9C] - From Ip [ ::1]","level":"info"}
{"message":"Date: [08-06-2020, 9:59:48 pm] - Path : [http://localhost:4000/address/city?c=%D7%9B%D7%A4%D7%A8%20%D7%A1%D7%91%D7%90] - From Ip [ ::1]","level":"info"}
{"message":"Date: [08-06-2020, 9:59:49 pm] - Path : [http://localhost:4000/address/city?c=%D7%9B%D7%A4%D7%A8%20%D7%A1%D7%91%D7%90] - From Ip [ ::1]","level":"info"}
{"message":"Date: [08-06-2020, 9:59:51 pm] - Path : [http://localhost:4000/address/city?c=%D7%9B%D7%A4%D7%A8%20%D7%A1%D7%91%D7%90?s=%D7%A5] - From Ip [ ::1]","level":"info"}
{"message":"Date: [08-06-2020, 9:59:51 pm] - Path : [http://localhost:4000/address/city?c=%D7%9B%D7%A4%D7%A8%20%D7%A1%D7%91%D7%90?s=] - From Ip [ ::1]","level":"info"}
{"message":"Date: [08-06-2020, 9:59:53 pm] - Path : [http://localhost:4000/address/city?c=%D7%9B%D7%A4%D7%A8%20%D7%A1%D7%91%D7%90?s=,] - From Ip [ ::1]","level":"info"}
{"message":"Date: [08-06-2020, 9:59:54 pm] - Path : [http://localhost:4000/address/city?c=%D7%9B%D7%A4%D7%A8%20%D7%A1%D7%91%D7%90?s=] - From Ip [ ::1]","level":"info"}
{"message":"Date: [08-06-2020, 9:59:55 pm] - Path : [http://localhost:4000/address/city?c=%D7%9B%D7%A4%D7%A8%20%D7%A1%D7%91%D7%90?s=%D7%A5] - From Ip [ ::1]","level":"info"}
{"message":"Date: [08-06-2020, 9:59:56 pm] - Path : [http://localhost:4000/address/city?c=%D7%9B%D7%A4%D7%A8%20%D7%A1%D7%91%D7%90?s=] - From Ip [ ::1]","level":"info"}
{"message":"Date: [08-06-2020, 9:59:57 pm] - Path : [http://localhost:4000/address/city?c=%D7%9B%D7%A4%D7%A8%20%D7%A1%D7%91%D7%90?s=%D7%95] - From Ip [ ::1]","level":"info"}
{"message":"Date: [08-06-2020, 9:59:58 pm] - Path : [http://localhost:4000/address/city?c=%D7%9B%D7%A4%D7%A8%20%D7%A1%D7%91%D7%90?s=%D7%95%D7%99] - From Ip [ ::1]","level":"info"}
{"message":"Date: [08-06-2020, 10:01:06 pm] - Path : [http://localhost:4000/address/city?c=%D7%9B] - From Ip [ ::1]","level":"info"}
{"message":"Date: [08-06-2020, 10:01:06 pm] - Path : [http://localhost:4000/address/city?c=%D7%9B%D7%A4] - From Ip [ ::1]","level":"info"}
{"message":"Date: [08-06-2020, 10:01:08 pm] - Path : [http://localhost:4000/address/city?c=%D7%9B%D7%A4%D7%A8] - From Ip [ ::1]","level":"info"}
{"message":"Date: [08-06-2020, 10:01:10 pm] - Path : [http://localhost:4000/address/city?c=%D7%9B%D7%A4%D7%A8] - From Ip [ ::1]","level":"info"}
{"message":"Date: [08-06-2020, 10:01:11 pm] - Path : [http://localhost:4000/address/city?c=%D7%9B%D7%A4%D7%A8%20%D7%A1] - From Ip [ ::1]","level":"info"}
{"message":"Date: [08-06-2020, 10:01:13 pm] - Path : [http://localhost:4000/address/city?c=%D7%9B%D7%A4%D7%A8%20%D7%A1%D7%91%D7%90] - From Ip [ ::1]","level":"info"}
{"message":"Date: [08-06-2020, 10:01:16 pm] - Path : [http://localhost:4000/address/city?c=%D7%9B%D7%A4%D7%A8%20%D7%A1%D7%91%D7%90&&s=%D7%AA] - From Ip [ ::1]","level":"info"}
{"message":"Date: [08-06-2020, 10:01:19 pm] - Path : [http://localhost:4000/address/city?c=%D7%9B%D7%A4%D7%A8%20%D7%A1%D7%91%D7%90&&s=%D7%AA%D7%9C] - From Ip [ ::1]","level":"info"}
{"message":"Date: [08-06-2020, 10:03:51 pm] - Path : [http://localhost:4000/address/city?c=%D7%9B%D7%A4%D7%A8] - From Ip [ ::1]","level":"info"}
{"message":"Date: [08-06-2020, 10:03:54 pm] - Path : [http://localhost:4000/address/city?c=%D7%9B%D7%A4%D7%A8%20%D7%A1%D7%91] - From Ip [ ::1]","level":"info"}
{"message":"Date: [08-06-2020, 10:03:57 pm] - Path : [http://localhost:4000/address/city?c=%D7%9B%D7%A4%D7%A8%20%D7%A1%D7%91%D7%90] - From Ip [ ::1]","level":"info"}
{"message":"Date: [08-06-2020, 10:04:01 pm] - Path : [http://localhost:4000/address/city?c=%D7%9B%D7%A4%D7%A8%20%D7%A1%D7%91%D7%90&s=%D7%95] - From Ip [ ::1]","level":"info"}
{"message":"Date: [08-06-2020, 10:04:03 pm] - Path : [http://localhost:4000/address/city?c=%D7%9B%D7%A4%D7%A8%20%D7%A1%D7%91%D7%90&s=%D7%95%D7%99] - From Ip [ ::1]","level":"info"}
{"message":"Date: [08-06-2020, 10:05:45 pm] - Path : [http://localhost:4000/address/city?c=%D7%9B%D7%A4%D7%A8] - From Ip [ ::1]","level":"info"}
{"message":"Date: [08-06-2020, 10:05:47 pm] - Path : [http://localhost:4000/address/city?c=%D7%9B%D7%A4%D7%A8%20%D7%A1%D7%91] - From Ip [ ::1]","level":"info"}
{"message":"Date: [08-06-2020, 10:05:50 pm] - Path : [http://localhost:4000/address/city?c=%D7%9B%D7%A4%D7%A8%20%D7%A1%D7%91%D7%90] - From Ip [ ::1]","level":"info"}
{"message":"Date: [08-06-2020, 10:05:51 pm] - Path : [http://localhost:4000/address/street?c=%D7%9B%D7%A4%D7%A8%20%D7%A1%D7%91%D7%90&s=%D7%95] - From Ip [ ::1]","level":"info"}
{"message":"Date: [08-06-2020, 10:05:53 pm] - Path : [http://localhost:4000/address/street?c=%D7%9B%D7%A4%D7%A8%20%D7%A1%D7%91%D7%90&s=%D7%95%D7%99] - From Ip [ ::1]","level":"info"}
{"message":"Date: [08-06-2020, 10:05:55 pm] - Path : [http://localhost:4000/address/street?c=%D7%9B%D7%A4%D7%A8%20%D7%A1%D7%91%D7%90&s=%D7%95%D7%99%D7%A6] - From Ip [ ::1]","level":"info"}
{"message":"Date: [08-06-2020, 10:05:58 pm] - Path : [http://localhost:4000/address/street?c=%D7%9B%D7%A4%D7%A8%20%D7%A1%D7%91%D7%90&s=%D7%95%D7%99%D7%A6%D7%9E%D7%9F] - From Ip [ ::1]","level":"info"}
{"message":"Date: [08-06-2020, 10:07:45 pm] - Path : [http://localhost:4000/address/city?c=fp] - From Ip [ ::1]","level":"info"}
{"message":"Date: [08-06-2020, 10:07:45 pm] - Path : [http://localhost:4000/address/city?c=] - From Ip [ ::1]","level":"info"}
{"message":"Date: [08-06-2020, 10:07:46 pm] - Path : [http://localhost:4000/address/city?c=%D7%9B] - From Ip [ ::1]","level":"info"}
{"message":"Date: [08-06-2020, 10:07:47 pm] - Path : [http://localhost:4000/address/city?c=%D7%9B%D7%A4] - From Ip [ ::1]","level":"info"}
{"message":"Date: [08-06-2020, 10:07:49 pm] - Path : [http://localhost:4000/address/city?c=%D7%9B%D7%A4%D7%A8] - From Ip [ ::1]","level":"info"}
{"message":"Date: [08-06-2020, 10:07:50 pm] - Path : [http://localhost:4000/address/city?c=%D7%9B%D7%A4%D7%A8] - From Ip [ ::1]","level":"info"}
{"message":"Date: [08-06-2020, 10:07:50 pm] - Path : [http://localhost:4000/address/city?c=%D7%9B%D7%A4%D7%A8%20%D7%A1] - From Ip [ ::1]","level":"info"}
{"message":"Date: [08-06-2020, 10:07:51 pm] - Path : [http://localhost:4000/address/city?c=%D7%9B%D7%A4%D7%A8%20%D7%A1%D7%91] - From Ip [ ::1]","level":"info"}
{"message":"Date: [08-06-2020, 10:07:53 pm] - Path : [http://localhost:4000/address/city?c=%D7%9B%D7%A4%D7%A8%20%D7%A1%D7%91%D7%90] - From Ip [ ::1]","level":"info"}
{"message":"Date: [08-06-2020, 10:07:55 pm] - Path : [http://localhost:4000/address/street?c=%D7%9B%D7%A4%D7%A8%20%D7%A1%D7%91%D7%90&s=%D7%95%D7%99] - From Ip [ ::1]","level":"info"}
{"message":"Date: [08-06-2020, 10:07:56 pm] - Path : [http://localhost:4000/address/street?c=%D7%9B%D7%A4%D7%A8%20%D7%A1%D7%91%D7%90&s=%D7%95%D7%99%D7%A6] - From Ip [ ::1]","level":"info"}
{"message":"Date: [08-06-2020, 10:08:03 pm] - Path : [http://localhost:4000/address/street?c=%D7%9B%D7%A4%D7%A8%20%D7%A1%D7%91%D7%90&s=%D7%94] - From Ip [ ::1]","level":"info"}
{"message":"Date: [08-06-2020, 10:08:04 pm] - Path : [http://localhost:4000/address/street?c=%D7%9B%D7%A4%D7%A8%20%D7%A1%D7%91%D7%90&s=%D7%94%D7%A8] - From Ip [ ::1]","level":"info"}
{"message":"Date: [08-06-2020, 10:08:05 pm] - Path : [http://localhost:4000/address/street?c=%D7%9B%D7%A4%D7%A8%20%D7%A1%D7%91%D7%90&s=%D7%94%D7%A8%D7%AA] - From Ip [ ::1]","level":"info"}
{"message":"Date: [08-06-2020, 10:08:07 pm] - Path : [http://localhost:4000/address/street?c=%D7%9B%D7%A4%D7%A8%20%D7%A1%D7%91%D7%90&s=%D7%94%D7%A8%D7%A6] - From Ip [ ::1]","level":"info"}
{"message":"Date: [08-06-2020, 10:08:08 pm] - Path : [http://localhost:4000/address/street?c=%D7%9B%D7%A4%D7%A8%20%D7%A1%D7%91%D7%90&s=%D7%94%D7%A8%D7%A6%D7%9C] - From Ip [ ::1]","level":"info"}
{"message":"Date: [08-06-2020, 10:08:13 pm] - Path : [http://localhost:4000/address/street?c=%D7%9B%D7%A4%D7%A8%20%D7%A1%D7%91%D7%90&s=%D7%94%D7%A8%D7%A6%D7%9C] - From Ip [ ::1]","level":"info"}
{"message":"Date: [08-06-2020, 10:36:40 pm] - Path : [http://localhost:4000/address/city?c=f] - From Ip [ ::1]","level":"info"}
{"message":"Date: [08-06-2020, 10:36:41 pm] - Path : [http://localhost:4000/address/city?c=] - From Ip [ ::1]","level":"info"}
{"message":"Date: [08-06-2020, 10:36:48 pm] - Path : [http://localhost:4000/address/city?c=%D7%92] - From Ip [ ::1]","level":"info"}
{"message":"Date: [08-06-2020, 10:36:49 pm] - Path : [http://localhost:4000/address/city?c=%D7%9B] - From Ip [ ::1]","level":"info"}
{"message":"Date: [08-06-2020, 10:36:50 pm] - Path : [http://localhost:4000/address/city?c=] - From Ip [ ::1]","level":"info"}
{"message":"Date: [08-06-2020, 10:37:04 pm] - Path : [http://localhost:4000/address/city?c=%D7%9B] - From Ip [ ::1]","level":"info"}
{"message":"Date: [08-06-2020, 10:37:05 pm] - Path : [http://localhost:4000/address/city?c=%D7%9B%D7%A4] - From Ip [ ::1]","level":"info"}
{"message":"Date: [08-06-2020, 10:37:06 pm] - Path : [http://localhost:4000/address/city?c=] - From Ip [ ::1]","level":"info"}
{"message":"Date: [08-06-2020, 10:37:07 pm] - Path : [http://localhost:4000/address/city?c=] - From Ip [ ::1]","level":"info"}
{"message":"Date: [08-06-2020, 10:37:16 pm] - Path : [http://localhost:4000/address/city?c=%20%D7%9B] - From Ip [ ::1]","level":"info"}
{"message":"Date: [08-06-2020, 10:37:18 pm] - Path : [http://localhost:4000/address/city?c=%20%D7%9B%D7%A4] - From Ip [ ::1]","level":"info"}
{"message":"Date: [08-06-2020, 10:37:19 pm] - Path : [http://localhost:4000/address/city?c=%20%D7%9B%D7%A4%D7%90] - From Ip [ ::1]","level":"info"}
{"message":"Date: [08-06-2020, 10:37:20 pm] - Path : [http://localhost:4000/address/city?c=%20%D7%9B%D7%A4] - From Ip [ ::1]","level":"info"}
{"message":"Date: [08-06-2020, 10:37:21 pm] - Path : [http://localhost:4000/address/city?c=%20%D7%9B%D7%A4%D7%90] - From Ip [ ::1]","level":"info"}
{"message":"Date: [08-06-2020, 10:37:22 pm] - Path : [http://localhost:4000/address/city?c=%20%D7%9B%D7%A4] - From Ip [ ::1]","level":"info"}
{"message":"Date: [08-06-2020, 10:37:23 pm] - Path : [http://localhost:4000/address/city?c=%20%D7%9B%D7%A4%D7%A8] - From Ip [ ::1]","level":"info"}
{"message":"Date: [08-06-2020, 10:37:26 pm] - Path : [http://localhost:4000/address/city?c=%20%D7%9B%D7%A4%D7%A8] - From Ip [ ::1]","level":"info"}
{"message":"Date: [08-06-2020, 10:37:27 pm] - Path : [http://localhost:4000/address/city?c=%20%D7%9B%D7%A4%D7%A8%20%D7%A1] - From Ip [ ::1]","level":"info"}
{"message":"Date: [08-06-2020, 10:37:28 pm] - Path : [http://localhost:4000/address/city?c=%20%D7%9B%D7%A4%D7%A8%20%D7%A1%D7%91] - From Ip [ ::1]","level":"info"}
{"message":"Date: [08-06-2020, 10:37:30 pm] - Path : [http://localhost:4000/address/city?c=%20%D7%9B%D7%A4%D7%A8%20%D7%A1%D7%91%D7%90] - From Ip [ ::1]","level":"info"}
{"message":"Date: [08-06-2020, 10:37:33 pm] - Path : [http://localhost:4000/address/city?c=%20%D7%9B%D7%A4%D7%A8%20%D7%A1%D7%91] - From Ip [ ::1]","level":"info"}
{"message":"Date: [08-06-2020, 10:37:34 pm] - Path : [http://localhost:4000/address/city?c=] - From Ip [ ::1]","level":"info"}
{"message":"Date: [08-06-2020, 10:37:35 pm] - Path : [http://localhost:4000/address/city?c=%D7%9B] - From Ip [ ::1]","level":"info"}
{"message":"Date: [08-06-2020, 10:37:38 pm] - Path : [http://localhost:4000/address/city?c=] - From Ip [ ::1]","level":"info"}
{"message":"Date: [08-06-2020, 10:37:56 pm] - Path : [http://localhost:4000/address/city?c=%D7%9B] - From Ip [ ::1]","level":"info"}
{"message":"Date: [08-06-2020, 10:37:57 pm] - Path : [http://localhost:4000/address/city?c=%D7%9B%D7%A4] - From Ip [ ::1]","level":"info"}
{"message":"Date: [08-06-2020, 10:37:58 pm] - Path : [http://localhost:4000/address/city?c=%D7%9B%D7%A4%D7%A8] - From Ip [ ::1]","level":"info"}
{"message":"Date: [08-06-2020, 10:37:59 pm] - Path : [http://localhost:4000/address/city?c=%D7%9B%D7%A4%D7%A8] - From Ip [ ::1]","level":"info"}
{"message":"Date: [08-06-2020, 10:38:00 pm] - Path : [http://localhost:4000/address/city?c=%D7%9B%D7%A4%D7%A8%20%D7%A1] - From Ip [ ::1]","level":"info"}
{"message":"Date: [08-06-2020, 10:38:04 pm] - Path : [http://localhost:4000/address/city?c=%D7%9B%D7%A4%D7%A8%20%D7%A1%D7%91%D7%90] - From Ip [ ::1]","level":"info"}
{"message":"Date: [08-06-2020, 10:38:06 pm] - Path : [http://localhost:4000/address/street?c=%D7%9B%D7%A4%D7%A8%20%D7%A1%D7%91%D7%90&s=%D7%95] - From Ip [ ::1]","level":"info"}
{"message":"Date: [08-06-2020, 10:38:07 pm] - Path : [http://localhost:4000/address/street?c=%D7%9B%D7%A4%D7%A8%20%D7%A1%D7%91%D7%90&s=%D7%95%D7%99] - From Ip [ ::1]","level":"info"}
{"message":"Date: [08-06-2020, 10:38:09 pm] - Path : [http://localhost:4000/address/street?c=%D7%9B%D7%A4%D7%A8%20%D7%A1%D7%91%D7%90&s=%D7%95%D7%99%D7%A6] - From Ip [ ::1]","level":"info"}
{"message":"Date: [08-06-2020, 10:38:11 pm] - Path : [http://localhost:4000/address/street?c=%D7%9B%D7%A4%D7%A8%20%D7%A1%D7%91%D7%90&s=%D7%95%D7%99%D7%A6%D7%9E%D7%9F] - From Ip [ ::1]","level":"info"}
{"message":"Date: [08-06-2020, 10:56:06 pm] - Path : [http://localhost:4000/address/city?c=%D7%9B] - From Ip [ ::1]","level":"info"}
{"message":"Date: [08-06-2020, 10:56:07 pm] - Path : [http://localhost:4000/address/city?c=%D7%9B%D7%A4] - From Ip [ ::1]","level":"info"}
{"message":"Date: [08-06-2020, 10:56:07 pm] - Path : [http://localhost:4000/address/city?c=%D7%9B%D7%A4%D7%A8] - From Ip [ ::1]","level":"info"}
{"message":"Date: [08-06-2020, 10:57:40 pm] - Path : [http://localhost:4000/address/city?c=] - From Ip [ ::1]","level":"info"}
{"message":"Date: [08-06-2020, 10:57:42 pm] - Path : [http://localhost:4000/address/city?c=%D7%9B] - From Ip [ ::1]","level":"info"}
{"message":"Date: [08-06-2020, 10:57:43 pm] - Path : [http://localhost:4000/address/city?c=%D7%9B%D7%A4] - From Ip [ ::1]","level":"info"}
{"message":"Date: [08-06-2020, 10:57:44 pm] - Path : [http://localhost:4000/address/city?c=%D7%9B%D7%A4%D7%A8] - From Ip [ ::1]","level":"info"}
{"message":"Date: [08-06-2020, 10:57:46 pm] - Path : [http://localhost:4000/address/city?c=%D7%9B%D7%A4] - From Ip [ ::1]","level":"info"}
{"message":"Date: [08-06-2020, 10:57:49 pm] - Path : [http://localhost:4000/address/city?c=%D7%9B%D7%A4%D7%A8] - From Ip [ ::1]","level":"info"}
{"message":"Date: [08-06-2020, 10:57:49 pm] - Path : [http://localhost:4000/address/city?c=%D7%9B%D7%A4%D7%A8] - From Ip [ ::1]","level":"info"}
{"message":"Date: [08-06-2020, 10:57:49 pm] - Path : [http://localhost:4000/address/city?c=%D7%9B%D7%A4%D7%A8%20%D7%A1] - From Ip [ ::1]","level":"info"}
{"message":"Date: [08-06-2020, 10:57:50 pm] - Path : [http://localhost:4000/address/city?c=%D7%9B%D7%A4%D7%A8%20%D7%A1%D7%91] - From Ip [ ::1]","level":"info"}
{"message":"Date: [08-06-2020, 10:57:50 pm] - Path : [http://localhost:4000/address/city?c=%D7%9B%D7%A4%D7%A8%20%D7%A1%D7%91%D7%90] - From Ip [ ::1]","level":"info"}
{"message":"Date: [08-06-2020, 10:57:52 pm] - Path : [http://localhost:4000/address/city?c=%D7%9B%D7%A4%D7%A8%20%D7%A1%D7%91%D7%90] - From Ip [ ::1]","level":"info"}
{"message":"Date: [08-06-2020, 10:57:53 pm] - Path : [http://localhost:4000/address/street?c=%D7%9B%D7%A4%D7%A8%20%D7%A1%D7%91%D7%90&s=%D7%95] - From Ip [ ::1]","level":"info"}
{"message":"Date: [08-06-2020, 10:57:54 pm] - Path : [http://localhost:4000/address/street?c=%D7%9B%D7%A4%D7%A8%20%D7%A1%D7%91%D7%90&s=%D7%95%D7%99] - From Ip [ ::1]","level":"info"}
{"message":"Date: [08-06-2020, 10:57:57 pm] - Path : [http://localhost:4000/address/street?c=%D7%9B%D7%A4%D7%A8%20%D7%A1%D7%91%D7%90&s=%D7%95%D7%99%D7%A6] - From Ip [ ::1]","level":"info"}
{"message":"Date: [08-06-2020, 10:57:58 pm] - Path : [http://localhost:4000/address/street?c=%D7%9B%D7%A4%D7%A8%20%D7%A1%D7%91%D7%90&s=%D7%95%D7%99%D7%A6%D7%9E] - From Ip [ ::1]","level":"info"}
{"message":"Date: [08-06-2020, 10:57:59 pm] - Path : [http://localhost:4000/address/street?c=%D7%9B%D7%A4%D7%A8%20%D7%A1%D7%91%D7%90&s=%D7%95%D7%99%D7%A6%D7%9E%D7%9F] - From Ip [ ::1]","level":"info"}
{"message":"Date: [08-06-2020, 10:59:48 pm] - Path : [http://localhost:4000/address/city?c=] - From Ip [ ::1]","level":"info"}
{"message":"Date: [08-06-2020, 11:00:03 pm] - Path : [http://localhost:4000/address/city?c=%D7%9B%D7%A4%D7%A8%20%D7%A1%D7%91%D7%90] - From Ip [ ::1]","level":"info"}
{"message":"Date: [08-06-2020, 11:00:11 pm] - Path : [http://localhost:4000/address/street?c=%D7%9B%D7%A4%D7%A8%20%D7%A1%D7%91%D7%90&s=%D7%95%D7%99%D7%A6%D7%9E%D7%9F] - From Ip [ ::1]","level":"info"}
{"message":"Date: [08-06-2020, 11:00:18 pm] - Path : [http://localhost:4000/address/street?c=%D7%9B%D7%A4%D7%A8%20%D7%A1%D7%91%D7%90&s=%D7%97%D7%99%D7%9C%D7%92%D7%93%D7%99%D7%9B%D7%9C%D7%97%D7%A9%D7%93%D7%92] - From Ip [ ::1]","level":"info"}
{"message":"Date: [08-06-2020, 11:00:29 pm] - Path : [http://localhost:4000/address/street?c=%D7%9B%D7%A4%D7%A8%20%D7%A1%D7%91%D7%90&s=%D7%AA] - From Ip [ ::1]","level":"info"}
{"message":"Date: [08-06-2020, 11:00:30 pm] - Path : [http://localhost:4000/address/street?c=%D7%9B%D7%A4%D7%A8%20%D7%A1%D7%91%D7%90&s=%D7%AA%D7%9C] - From Ip [ ::1]","level":"info"}
{"message":"Date: [08-06-2020, 11:00:32 pm] - Path : [http://localhost:4000/address/street?c=%D7%9B%D7%A4%D7%A8%20%D7%A1%D7%91%D7%90&s=%D7%AA%D7%9C%20%D7%97%D7%99] - From Ip [ ::1]","level":"info"}
{"message":"Date: [09-06-2020, 12:37:02 am] - Path : [http://localhost:4000/address/city?c=%D7%9B] - From Ip [ ::1]","level":"info"}
{"message":"Date: [09-06-2020, 12:37:03 am] - Path : [http://localhost:4000/address/city?c=] - From Ip [ ::1]","level":"info"}
{"message":"Date: [09-06-2020, 12:37:06 am] - Path : [http://localhost:4000/address/city?c=%D7%90%D7%A9] - From Ip [ ::1]","level":"info"}
{"message":"Date: [09-06-2020, 12:37:07 am] - Path : [http://localhost:4000/address/city?c=%D7%90%D7%A9%D7%93%D7%95%D7%93] - From Ip [ ::1]","level":"info"}
{"message":"Date: [09-06-2020, 12:37:10 am] - Path : [http://localhost:4000/address/street?c=%D7%90%D7%A9%D7%93%D7%95%D7%93&s=%D7%93] - From Ip [ ::1]","level":"info"}
{"message":"Date: [09-06-2020, 12:37:11 am] - Path : [http://localhost:4000/address/street?c=%D7%90%D7%A9%D7%93%D7%95%D7%93&s=%D7%93%D7%99] - From Ip [ ::1]","level":"info"}
{"message":"Date: [09-06-2020, 12:37:13 am] - Path : [http://localhost:4000/address/street?c=%D7%90%D7%A9%D7%93%D7%95%D7%93&s=] - From Ip [ ::1]","level":"info"}
{"message":"Date: [09-06-2020, 12:37:16 am] - Path : [http://localhost:4000/address/street?c=%D7%90%D7%A9%D7%93%D7%95%D7%93&s=%D7%94%D7%A4] - From Ip [ ::1]","level":"info"}
{"message":"Date: [09-06-2020, 5:10:30 pm] - Path : [http://localhost:4000/address/city?c=%D7%9B] - From Ip [ ::1]","level":"info"}
{"message":"Date: [09-06-2020, 5:10:31 pm] - Path : [http://localhost:4000/address/city?c=%D7%9B%D7%A4] - From Ip [ ::1]","level":"info"}
{"message":"Date: [09-06-2020, 5:10:32 pm] - Path : [http://localhost:4000/address/city?c=%D7%9B%D7%A4%D7%A8] - From Ip [ ::1]","level":"info"}
{"message":"Date: [09-06-2020, 5:10:33 pm] - Path : [http://localhost:4000/address/city?c=%D7%9B%D7%A4%D7%A8] - From Ip [ ::1]","level":"info"}
{"message":"Date: [09-06-2020, 5:10:33 pm] - Path : [http://localhost:4000/address/city?c=%D7%9B%D7%A4%D7%A8%20%20%D7%A1] - From Ip [ ::1]","level":"info"}
{"message":"Date: [09-06-2020, 5:10:34 pm] - Path : [http://localhost:4000/address/city?c=%D7%9B%D7%A4%D7%A8%20%20%D7%A1%D7%91] - From Ip [ ::1]","level":"info"}
{"message":"Date: [09-06-2020, 5:10:37 pm] - Path : [http://localhost:4000/address/city?c=%D7%9B%D7%A4%D7%A8] - From Ip [ ::1]","level":"info"}
{"message":"Date: [09-06-2020, 5:10:38 pm] - Path : [http://localhost:4000/address/city?c=%D7%9B%D7%A4%D7%A8%20%20%D7%A1] - From Ip [ ::1]","level":"info"}
{"message":"Date: [09-06-2020, 5:10:40 pm] - Path : [http://localhost:4000/address/city?c=%D7%9B%D7%A4%D7%A8] - From Ip [ ::1]","level":"info"}
{"message":"Date: [09-06-2020, 5:10:40 pm] - Path : [http://localhost:4000/address/city?c=%D7%9B%D7%A4%D7%A8%20%D7%A1] - From Ip [ ::1]","level":"info"}
{"message":"Date: [09-06-2020, 5:10:42 pm] - Path : [http://localhost:4000/address/city?c=%D7%9B%D7%A4%D7%A8%20%D7%A1%D7%91%D7%90] - From Ip [ ::1]","level":"info"}
{"message":"Date: [09-06-2020, 5:10:45 pm] - Path : [http://localhost:4000/address/city?c=%D7%9B%D7%A4%D7%A8%20%D7%A1%D7%91%D7%90] - From Ip [ ::1]","level":"info"}
{"message":"Date: [09-06-2020, 5:10:48 pm] - Path : [http://localhost:4000/address/street?c=%D7%9B%D7%A4%D7%A8%20%D7%A1%D7%91%D7%90&s=%D7%95] - From Ip [ ::1]","level":"info"}
{"message":"Date: [09-06-2020, 5:10:49 pm] - Path : [http://localhost:4000/address/street?c=%D7%9B%D7%A4%D7%A8%20%D7%A1%D7%91%D7%90&s=%D7%95%D7%99] - From Ip [ ::1]","level":"info"}
{"message":"Date: [09-06-2020, 5:10:50 pm] - Path : [http://localhost:4000/address/street?c=%D7%9B%D7%A4%D7%A8%20%D7%A1%D7%91%D7%90&s=%D7%95%D7%99%D7%A6] - From Ip [ ::1]","level":"info"}
{"message":"Date: [09-06-2020, 5:10:51 pm] - Path : [http://localhost:4000/address/street?c=%D7%9B%D7%A4%D7%A8%20%D7%A1%D7%91%D7%90&s=%D7%95] - From Ip [ ::1]","level":"info"}
{"message":"Date: [09-06-2020, 5:10:52 pm] - Path : [http://localhost:4000/address/street?c=%D7%9B%D7%A4%D7%A8%20%D7%A1%D7%91%D7%90&s=] - From Ip [ ::1]","level":"info"}
{"message":"Date: [09-06-2020, 5:22:39 pm] - Path : [http://localhost:4000/address/city?c=%D7%9B] - From Ip [ ::1]","level":"info"}
{"message":"Date: [09-06-2020, 5:22:40 pm] - Path : [http://localhost:4000/address/city?c=%D7%9B%D7%A4%D7%A8] - From Ip [ ::1]","level":"info"}
{"message":"Date: [09-06-2020, 5:22:41 pm] - Path : [http://localhost:4000/address/city?c=%D7%9B%D7%A4%D7%A8%20%D7%A1%D7%91%D7%90] - From Ip [ ::1]","level":"info"}
{"message":"Date: [09-06-2020, 5:22:44 pm] - Path : [http://localhost:4000/address/city?c=%D7%9B%D7%A4%D7%A8%20%D7%A1%D7%91%D7%90] - From Ip [ ::1]","level":"info"}
{"message":"Date: [09-06-2020, 5:22:46 pm] - Path : [http://localhost:4000/address/street?c=%D7%9B%D7%A4%D7%A8%20%D7%A1%D7%91%D7%90&s=%D7%95%D7%99] - From Ip [ ::1]","level":"info"}
{"message":"Date: [09-06-2020, 5:22:49 pm] - Path : [http://localhost:4000/address/street?c=%D7%9B%D7%A4%D7%A8%20%D7%A1%D7%91%D7%90&s=%D7%95%D7%99%D7%A6%D7%9E%D7%9F] - From Ip [ ::1]","level":"info"}
{"message":"Date: [09-06-2020, 6:46:17 pm] - Path : [http://localhost:4000/address/city?c=%D7%9B] - From Ip [ ::1]","level":"info"}
{"message":"Date: [09-06-2020, 6:46:18 pm] - Path : [http://localhost:4000/address/city?c=%D7%9B%D7%A4%D7%A8] - From Ip [ ::1]","level":"info"}
{"message":"Date: [09-06-2020, 6:46:20 pm] - Path : [http://localhost:4000/address/city?c=%D7%9B%D7%A4%D7%A8%D7%A1] - From Ip [ ::1]","level":"info"}
{"message":"Date: [09-06-2020, 6:46:21 pm] - Path : [http://localhost:4000/address/city?c=%D7%9B%D7%A4%D7%A8%20%D7%A1] - From Ip [ ::1]","level":"info"}
{"message":"Date: [09-06-2020, 6:46:22 pm] - Path : [http://localhost:4000/address/city?c=%D7%9B%D7%A4%D7%A8%20%D7%A1%D7%91%D7%90] - From Ip [ ::1]","level":"info"}
{"message":"Date: [09-06-2020, 6:46:25 pm] - Path : [http://localhost:4000/address/street?c=%D7%9B%D7%A4%D7%A8%20%D7%A1%D7%91%D7%90&s=%D7%AA] - From Ip [ ::1]","level":"info"}
{"message":"Date: [09-06-2020, 6:46:26 pm] - Path : [http://localhost:4000/address/street?c=%D7%9B%D7%A4%D7%A8%20%D7%A1%D7%91%D7%90&s=%D7%AA%D7%9C] - From Ip [ ::1]","level":"info"}
{"message":"Date: [09-06-2020, 6:46:28 pm] - Path : [http://localhost:4000/address/street?c=%D7%9B%D7%A4%D7%A8%20%D7%A1%D7%91%D7%90&s=%D7%AA%D7%9C%20%D7%97%D7%99] - From Ip [ ::1]","level":"info"}
{"message":"Date: [09-06-2020, 6:53:54 pm] - Path : [http://localhost:4000/address/city?c=%D7%9B] - From Ip [ ::1]","level":"info"}
{"message":"Date: [09-06-2020, 6:53:54 pm] - Path : [http://localhost:4000/address/city?c=%D7%9B%D7%A4%D7%A8] - From Ip [ ::1]","level":"info"}
{"message":"Date: [09-06-2020, 6:53:56 pm] - Path : [http://localhost:4000/address/city?c=%D7%9B%D7%A4%D7%A8%20%D7%A1%D7%91] - From Ip [ ::1]","level":"info"}
{"message":"Date: [09-06-2020, 6:53:56 pm] - Path : [http://localhost:4000/address/city?c=%D7%9B%D7%A4%D7%A8%20%D7%A1%D7%91%D7%90] - From Ip [ ::1]","level":"info"}
{"message":"Date: [09-06-2020, 6:53:57 pm] - Path : [http://localhost:4000/address/city?c=%D7%9B%D7%A4%D7%A8%20%D7%A1%D7%91%D7%90] - From Ip [ ::1]","level":"info"}
{"message":"Date: [09-06-2020, 6:54:01 pm] - Path : [http://localhost:4000/address/street?c=%D7%9B%D7%A4%D7%A8%20%D7%A1%D7%91%D7%90&s=%D7%AA%D7%9C] - From Ip [ ::1]","level":"info"}
{"message":"Date: [09-06-2020, 6:54:02 pm] - Path : [http://localhost:4000/address/street?c=%D7%9B%D7%A4%D7%A8%20%D7%A1%D7%91%D7%90&s=%D7%AA%D7%9C%20%D7%97%D7%99] - From Ip [ ::1]","level":"info"}
{"message":"Date: [09-06-2020, 6:54:03 pm] - Path : [http://localhost:4000/address/street?c=%D7%9B%D7%A4%D7%A8%20%D7%A1%D7%91%D7%90&s=%D7%AA%D7%9C%20%D7%97%D7%99] - From Ip [ ::1]","level":"info"}
{"message":"Date: [11-06-2020, 3:07:01 pm] - Path : [http://localhost:4000/address/city?c=%D7%9B] - From Ip [ ::1]","level":"info"}
{"message":"Date: [11-06-2020, 3:07:01 pm] - Path : [http://localhost:4000/address/city?c=%D7%9B%D7%A4] - From Ip [ ::1]","level":"info"}
{"message":"Date: [11-06-2020, 3:07:02 pm] - Path : [http://localhost:4000/address/city?c=%D7%9B%D7%A4%D7%A8] - From Ip [ ::1]","level":"info"}
{"message":"Date: [11-06-2020, 3:07:03 pm] - Path : [http://localhost:4000/address/city?c=%D7%9B%D7%A4%D7%A8%20%D7%A1%D7%91] - From Ip [ ::1]","level":"info"}
{"message":"Date: [11-06-2020, 3:07:05 pm] - Path : [http://localhost:4000/address/city?c=%D7%9B%D7%A4%D7%A8%20%D7%A1%D7%91%D7%90] - From Ip [ ::1]","level":"info"}
{"message":"Date: [11-06-2020, 3:07:07 pm] - Path : [http://localhost:4000/address/street?c=%D7%9B%D7%A4%D7%A8%20%D7%A1%D7%91%D7%90&s=%D7%AA] - From Ip [ ::1]","level":"info"}
{"message":"Date: [11-06-2020, 3:07:07 pm] - Path : [http://localhost:4000/address/street?c=%D7%9B%D7%A4%D7%A8%20%D7%A1%D7%91%D7%90&s=%D7%AA%D7%9C] - From Ip [ ::1]","level":"info"}
{"message":"Date: [11-06-2020, 3:07:08 pm] - Path : [http://localhost:4000/address/street?c=%D7%9B%D7%A4%D7%A8%20%D7%A1%D7%91%D7%90&s=%D7%AA%D7%9C] - From Ip [ ::1]","level":"info"}
{"message":"Date: [11-06-2020, 3:07:08 pm] - Path : [http://localhost:4000/address/street?c=%D7%9B%D7%A4%D7%A8%20%D7%A1%D7%91%D7%90&s=%D7%AA%D7%9C%20%D7%97] - From Ip [ ::1]","level":"info"}
{"message":"Date: [11-06-2020, 3:07:08 pm] - Path : [http://localhost:4000/address/street?c=%D7%9B%D7%A4%D7%A8%20%D7%A1%D7%91%D7%90&s=%D7%AA%D7%9C%20%D7%97%D7%99] - From Ip [ ::1]","level":"info"}
{"message":"Date: [11-06-2020, 3:07:09 pm] - Path : [http://localhost:4000/address/street?c=%D7%9B%D7%A4%D7%A8%20%D7%A1%D7%91%D7%90&s=%D7%AA%D7%9C%20%D7%97%D7%99] - From Ip [ ::1]","level":"info"}
{"message":"Date: [11-06-2020, 3:09:57 pm] - Path : [http://localhost:4000/address/city?c=%D7%9B] - From Ip [ ::1]","level":"info"}
{"message":"Date: [11-06-2020, 3:09:58 pm] - Path : [http://localhost:4000/address/city?c=%D7%9B%D7%A4%D7%A8%20%D7%A1%D7%91] - From Ip [ ::1]","level":"info"}
{"message":"Date: [11-06-2020, 3:09:58 pm] - Path : [http://localhost:4000/address/city?c=%D7%9B%D7%A4%D7%A8%20%D7%A1%D7%91%D7%90] - From Ip [ ::1]","level":"info"}
{"message":"Date: [11-06-2020, 3:10:02 pm] - Path : [http://localhost:4000/address/city?c=%D7%9B%D7%A4%D7%A8%20%D7%A1%D7%91%D7%90] - From Ip [ ::1]","level":"info"}
{"message":"Date: [11-06-2020, 3:10:04 pm] - Path : [http://localhost:4000/address/street?c=%D7%9B%D7%A4%D7%A8%20%D7%A1%D7%91%D7%90&s=%D7%AA%D7%9C%20%D7%97%D7%99] - From Ip [ ::1]","level":"info"}
{"message":"Date: [11-06-2020, 3:10:05 pm] - Path : [http://localhost:4000/address/street?c=%D7%9B%D7%A4%D7%A8%20%D7%A1%D7%91%D7%90&s=%D7%AA%D7%9C%20%D7%97%D7%99] - From Ip [ ::1]","level":"info"}
{"message":"Date: [11-06-2020, 3:14:12 pm] - Path : [http://localhost:4000/address/city?c=%D7%9B] - From Ip [ ::1]","level":"info"}
{"message":"Date: [11-06-2020, 3:14:13 pm] - Path : [http://localhost:4000/address/city?c=%D7%9B-%D7%A8] - From Ip [ ::1]","level":"info"}
{"message":"Date: [11-06-2020, 3:14:14 pm] - Path : [http://localhost:4000/address/city?c=%D7%9B] - From Ip [ ::1]","level":"info"}
{"message":"Date: [11-06-2020, 3:14:14 pm] - Path : [http://localhost:4000/address/city?c=%D7%9B%D7%A4] - From Ip [ ::1]","level":"info"}
{"message":"Date: [11-06-2020, 3:14:15 pm] - Path : [http://localhost:4000/address/city?c=%D7%9B%D7%A4%D7%A8] - From Ip [ ::1]","level":"info"}
{"message":"Date: [11-06-2020, 3:14:15 pm] - Path : [http://localhost:4000/address/city?c=%D7%9B%D7%A4%D7%A8%20%D7%A1] - From Ip [ ::1]","level":"info"}
{"message":"Date: [11-06-2020, 3:14:16 pm] - Path : [http://localhost:4000/address/city?c=%D7%9B%D7%A4%D7%A8%20%D7%A1%D7%91%D7%90] - From Ip [ ::1]","level":"info"}
{"message":"Date: [11-06-2020, 3:14:17 pm] - Path : [http://localhost:4000/address/city?c=%D7%9B%D7%A4%D7%A8%20%D7%A1%D7%91%D7%90] - From Ip [ ::1]","level":"info"}
{"message":"Date: [11-06-2020, 3:14:19 pm] - Path : [http://localhost:4000/address/street?c=%D7%9B%D7%A4%D7%A8%20%D7%A1%D7%91%D7%90&s=y] - From Ip [ ::1]","level":"info"}
{"message":"Date: [11-06-2020, 3:14:20 pm] - Path : [http://localhost:4000/address/street?c=%D7%9B%D7%A4%D7%A8%20%D7%A1%D7%91%D7%90&s=y%D7%9C%D7%97%D7%9C9819] - From Ip [ ::1]","level":"info"}
{"message":"Date: [11-06-2020, 3:14:20 pm] - Path : [http://localhost:4000/address/street?c=%D7%9B%D7%A4%D7%A8%20%D7%A1%D7%91%D7%90&s=y%D7%9C%D7%97%D7%9C981] - From Ip [ ::1]","level":"info"}
{"message":"Date: [11-06-2020, 3:14:21 pm] - Path : [http://localhost:4000/address/street?c=%D7%9B%D7%A4%D7%A8%20%D7%A1%D7%91%D7%90&s=y%D7%9C%D7%97%D7%9C98] - From Ip [ ::1]","level":"info"}
{"message":"Date: [11-06-2020, 3:14:22 pm] - Path : [http://localhost:4000/address/street?c=%D7%9B%D7%A4%D7%A8%20%D7%A1%D7%91%D7%90&s=] - From Ip [ ::1]","level":"info"}
{"message":"Date: [11-06-2020, 3:14:24 pm] - Path : [http://localhost:4000/address/street?c=%D7%9B%D7%A4%D7%A8%20%D7%A1%D7%91%D7%90&s=%D7%AA%D7%A5] - From Ip [ ::1]","level":"info"}
{"message":"Date: [11-06-2020, 3:14:24 pm] - Path : [http://localhost:4000/address/street?c=%D7%9B%D7%A4%D7%A8%20%D7%A1%D7%91%D7%90&s=%D7%AA] - From Ip [ ::1]","level":"info"}
{"message":"Date: [11-06-2020, 3:14:25 pm] - Path : [http://localhost:4000/address/street?c=%D7%9B%D7%A4%D7%A8%20%D7%A1%D7%91%D7%90&s=%D7%AA%D7%9C] - From Ip [ ::1]","level":"info"}
{"message":"Date: [11-06-2020, 3:14:26 pm] - Path : [http://localhost:4000/address/street?c=%D7%9B%D7%A4%D7%A8%20%D7%A1%D7%91%D7%90&s=%D7%AA%D7%9C%20%D7%97%D7%99] - From Ip [ ::1]","level":"info"}
{"message":"Date: [11-06-2020, 3:16:00 pm] - Path : [http://localhost:4000/address/city?c=%D7%9B%D7%A4%D7%A8] - From Ip [ ::1]","level":"info"}
{"message":"Date: [11-06-2020, 3:16:01 pm] - Path : [http://localhost:4000/address/city?c=%D7%9B%D7%A4%D7%A8%20%D7%A1%D7%91%D7%90] - From Ip [ ::1]","level":"info"}
{"message":"Date: [11-06-2020, 3:16:04 pm] - Path : [http://localhost:4000/address/city?c=%D7%9B%D7%A4%D7%A8%20%D7%A1%D7%91%D7%90] - From Ip [ ::1]","level":"info"}
{"message":"Date: [11-06-2020, 3:17:29 pm] - Path : [http://localhost:4000/address/city?c=%D7%9B%D7%A4%D7%A8%20%D7%A1%D7%91%D7%90] - From Ip [ ::1]","level":"info"}
{"message":"Date: [11-06-2020, 3:17:31 pm] - Path : [http://localhost:4000/address/street?c=%D7%9B%D7%A4%D7%A8%20%D7%A1%D7%91%D7%90%20&s=%D7%AA%D7%9C] - From Ip [ ::1]","level":"info"}
{"message":"Date: [11-06-2020, 3:17:32 pm] - Path : [http://localhost:4000/address/street?c=%D7%9B%D7%A4%D7%A8%20%D7%A1%D7%91%D7%90%20&s=%D7%AA%D7%9C%20%D7%97%D7%99] - From Ip [ ::1]","level":"info"}
{"message":"Date: [11-06-2020, 3:19:52 pm] - Path : [http://localhost:4000/address/city?c=%D7%9B] - From Ip [ ::1]","level":"info"}
{"message":"Date: [11-06-2020, 3:19:53 pm] - Path : [http://localhost:4000/address/city?c=%D7%9B%D7%A4%D7%A8] - From Ip [ ::1]","level":"info"}
{"message":"Date: [11-06-2020, 3:19:54 pm] - Path : [http://localhost:4000/address/city?c=%D7%9B%D7%A4%D7%A8%20%D7%A1%D7%91] - From Ip [ ::1]","level":"info"}
{"message":"Date: [11-06-2020, 3:19:56 pm] - Path : [http://localhost:4000/address/city?c=%D7%9B%D7%A4%D7%A8%20%D7%A1%D7%91%D7%90] - From Ip [ ::1]","level":"info"}
{"message":"Date: [11-06-2020, 3:19:58 pm] - Path : [http://localhost:4000/address/street?c=%D7%9B%D7%A4%D7%A8%20%D7%A1%D7%91%D7%90&s=%D7%AA%D7%9C] - From Ip [ ::1]","level":"info"}
{"message":"Date: [11-06-2020, 3:19:59 pm] - Path : [http://localhost:4000/address/street?c=%D7%9B%D7%A4%D7%A8%20%D7%A1%D7%91%D7%90&s=%D7%AA%D7%9C] - From Ip [ ::1]","level":"info"}
{"message":"Date: [11-06-2020, 3:19:59 pm] - Path : [http://localhost:4000/address/street?c=%D7%9B%D7%A4%D7%A8%20%D7%A1%D7%91%D7%90&s=%D7%AA%D7%9C%20%D7%97%D7%99] - From Ip [ ::1]","level":"info"}
{"message":"Date: [11-06-2020, 3:20:01 pm] - Path : [http://localhost:4000/address/street?c=%D7%9B%D7%A4%D7%A8%20%D7%A1%D7%91%D7%90&s=%D7%AA%D7%9C%20%D7%97%D7%99] - From Ip [ ::1]","level":"info"}
{"message":"Date: [11-06-2020, 3:26:42 pm] - Path : [http://localhost:4000/address/city?c=%D7%9B] - From Ip [ ::1]","level":"info"}
{"message":"Date: [11-06-2020, 3:26:43 pm] - Path : [http://localhost:4000/address/city?c=%D7%9B%D7%A4%D7%A8%20%D7%A1] - From Ip [ ::1]","level":"info"}
{"message":"Date: [11-06-2020, 3:26:44 pm] - Path : [http://localhost:4000/address/city?c=%D7%9B%D7%A4%D7%A8%20%D7%A1%D7%91] - From Ip [ ::1]","level":"info"}
{"message":"Date: [11-06-2020, 3:26:44 pm] - Path : [http://localhost:4000/address/city?c=%D7%9B%D7%A4%D7%A8%20%D7%A1%D7%91%D7%90] - From Ip [ ::1]","level":"info"}
{"message":"Date: [11-06-2020, 3:26:45 pm] - Path : [http://localhost:4000/address/city?c=%D7%9B%D7%A4%D7%A8%20%D7%A1%D7%91%D7%90] - From Ip [ ::1]","level":"info"}
{"message":"Date: [11-06-2020, 3:26:46 pm] - Path : [http://localhost:4000/address/street?c=%D7%9B%D7%A4%D7%A8%20%D7%A1%D7%91%D7%90&s=%D7%91] - From Ip [ ::1]","level":"info"}
{"message":"Date: [11-06-2020, 3:26:47 pm] - Path : [http://localhost:4000/address/street?c=%D7%9B%D7%A4%D7%A8%20%D7%A1%D7%91%D7%90&s=%D7%91%D7%93%D7%99%D7%A7%D7%94] - From Ip [ ::1]","level":"info"}
{"message":"Date: [11-06-2020, 3:26:49 pm] - Path : [http://localhost:4000/address/street?c=%D7%9B%D7%A4%D7%A8%20%D7%A1%D7%91%D7%90&s=%D7%91] - From Ip [ ::1]","level":"info"}
{"message":"Date: [11-06-2020, 3:26:51 pm] - Path : [http://localhost:4000/address/street?c=%D7%9B%D7%A4%D7%A8%20%D7%A1%D7%91%D7%90&s=%D7%91%D7%99%D7%9C%22%D7%95] - From Ip [ ::1]","level":"info"}
